<?xml version="1.0" encoding="UTF-8"?>
<coverage generated="1761341052961" clover="3.2.0">
  <project timestamp="1761341052961" name="All files">
    <metrics statements="262" coveredstatements="238" conditionals="197" coveredconditionals="155" methods="87" coveredmethods="82" elements="546" coveredelements="475" complexity="0" loc="262" ncloc="262" packages="6" files="21" classes="21"/>
    <package name="src">
      <metrics statements="1" coveredstatements="1" conditionals="0" coveredconditionals="0" methods="1" coveredmethods="1"/>
      <file name="App.css" path="/Users/modurotoluolokode/code/src/github.com/durotolu/dashboard-mainstack/src/App.css">
        <metrics statements="0" coveredstatements="0" conditionals="0" coveredconditionals="0" methods="0" coveredmethods="0"/>
      </file>
      <file name="App.tsx" path="/Users/modurotoluolokode/code/src/github.com/durotolu/dashboard-mainstack/src/App.tsx">
        <metrics statements="1" coveredstatements="1" conditionals="0" coveredconditionals="0" methods="1" coveredmethods="1"/>
        <line num="8" count="16" type="stmt"/>
      </file>
    </package>
    <package name="src.components">
      <metrics statements="205" coveredstatements="181" conditionals="170" coveredconditionals="128" methods="65" coveredmethods="60"/>
      <file name="FilterSidebar.css" path="/Users/modurotoluolokode/code/src/github.com/durotolu/dashboard-mainstack/src/components/FilterSidebar.css">
        <metrics statements="0" coveredstatements="0" conditionals="0" coveredconditionals="0" methods="0" coveredmethods="0"/>
      </file>
      <file name="FilterSidebar.tsx" path="/Users/modurotoluolokode/code/src/github.com/durotolu/dashboard-mainstack/src/components/FilterSidebar.tsx">
        <metrics statements="89" coveredstatements="75" conditionals="60" coveredconditionals="45" methods="33" coveredmethods="29"/>
        <line num="15" count="2" type="stmt"/>
        <line num="23" count="2" type="stmt"/>
        <line num="32" count="2" type="stmt"/>
        <line num="38" count="2" type="stmt"/>
        <line num="44" count="64" type="stmt"/>
        <line num="45" count="64" type="stmt"/>
        <line num="46" count="64" type="stmt"/>
        <line num="47" count="64" type="stmt"/>
        <line num="48" count="64" type="stmt"/>
        <line num="50" count="64" type="stmt"/>
        <line num="51" count="36" type="stmt"/>
        <line num="54" count="64" type="stmt"/>
        <line num="55" count="36" type="stmt"/>
        <line num="56" count="0" type="cond" truecount="0" falsecount="2"/>
        <line num="57" count="0" type="stmt"/>
        <line num="61" count="36" type="stmt"/>
        <line num="62" count="0" type="cond" truecount="0" falsecount="4"/>
        <line num="63" count="0" type="stmt"/>
        <line num="65" count="0" type="cond" truecount="0" falsecount="4"/>
        <line num="66" count="0" type="stmt"/>
        <line num="70" count="36" type="cond" truecount="2" falsecount="0"/>
        <line num="71" count="21" type="stmt"/>
        <line num="72" count="21" type="stmt"/>
        <line num="73" count="21" type="stmt"/>
        <line num="76" count="36" type="stmt"/>
        <line num="77" count="36" type="stmt"/>
        <line num="78" count="36" type="stmt"/>
        <line num="79" count="36" type="stmt"/>
        <line num="83" count="64" type="stmt"/>
        <line num="84" count="4" type="stmt"/>
        <line num="85" count="4" type="stmt"/>
        <line num="86" count="4" type="stmt"/>
        <line num="88" count="4" type="cond" truecount="3" falsecount="2"/>
        <line num="90" count="2" type="stmt"/>
        <line num="91" count="2" type="stmt"/>
        <line num="92" count="2" type="stmt"/>
        <line num="94" count="1" type="stmt"/>
        <line num="95" count="1" type="stmt"/>
        <line num="96" count="1" type="stmt"/>
        <line num="98" count="1" type="stmt"/>
        <line num="99" count="1" type="stmt"/>
        <line num="100" count="1" type="stmt"/>
        <line num="102" count="0" type="stmt"/>
        <line num="103" count="0" type="stmt"/>
        <line num="104" count="0" type="stmt"/>
        <line num="106" count="0" type="stmt"/>
        <line num="107" count="0" type="stmt"/>
        <line num="108" count="0" type="stmt"/>
        <line num="111" count="4" type="stmt"/>
        <line num="117" count="64" type="stmt"/>
        <line num="118" count="3" type="stmt"/>
        <line num="121" count="0" type="stmt"/>
        <line num="126" count="64" type="stmt"/>
        <line num="127" count="1" type="stmt"/>
        <line num="130" count="0" type="stmt"/>
        <line num="135" count="64" type="stmt"/>
        <line num="136" count="98" type="cond" truecount="2" falsecount="0"/>
        <line num="137" count="6" type="cond" truecount="2" falsecount="0"/>
        <line num="138" count="1" type="stmt"/>
        <line num="141" count="64" type="stmt"/>
        <line num="143" count="49" type="cond" truecount="2" falsecount="0"/>
        <line num="147" count="49" type="cond" truecount="2" falsecount="0"/>
        <line num="148" count="1" type="stmt"/>
        <line num="151" count="49" type="cond" truecount="2" falsecount="0"/>
        <line num="152" count="1" type="stmt"/>
        <line num="154" count="49" type="cond" truecount="3" falsecount="0"/>
        <line num="157" count="64" type="stmt"/>
        <line num="158" count="9" type="stmt"/>
        <line num="159" count="9" type="stmt"/>
        <line num="162" count="64" type="stmt"/>
        <line num="163" count="1" type="stmt"/>
        <line num="168" count="1" type="stmt"/>
        <line num="169" count="1" type="stmt"/>
        <line num="170" count="1" type="stmt"/>
        <line num="173" count="64" type="stmt"/>
        <line num="174" count="30" type="cond" truecount="2" falsecount="0"/>
        <line num="175" count="1" type="stmt"/>
        <line num="179" count="64" type="cond" truecount="2" falsecount="0"/>
        <line num="181" count="49" type="stmt"/>
        <line num="200" count="245" type="stmt"/>
        <line num="203" count="4" type="stmt"/>
        <line num="218" count="1" type="stmt"/>
        <line num="239" count="1" type="stmt"/>
        <line num="266" count="3" type="stmt"/>
        <line num="284" count="54" type="stmt"/>
        <line num="288" count="3" type="stmt"/>
        <line num="304" count="2" type="stmt"/>
        <line num="322" count="15" type="stmt"/>
        <line num="326" count="1" type="stmt"/>
      </file>
      <file name="Header.css" path="/Users/modurotoluolokode/code/src/github.com/durotolu/dashboard-mainstack/src/components/Header.css">
        <metrics statements="0" coveredstatements="0" conditionals="0" coveredconditionals="0" methods="0" coveredmethods="0"/>
      </file>
      <file name="Header.tsx" path="/Users/modurotoluolokode/code/src/github.com/durotolu/dashboard-mainstack/src/components/Header.tsx">
        <metrics statements="27" coveredstatements="27" conditionals="34" coveredconditionals="27" methods="7" coveredmethods="7"/>
        <line num="6" count="2" type="stmt"/>
        <line num="7" count="48" type="stmt"/>
        <line num="8" count="48" type="stmt"/>
        <line num="9" count="48" type="stmt"/>
        <line num="10" count="48" type="stmt"/>
        <line num="11" count="48" type="stmt"/>
        <line num="13" count="48" type="stmt"/>
        <line num="14" count="48" type="stmt"/>
        <line num="15" count="2" type="cond" truecount="1" falsecount="1"/>
        <line num="19" count="2" type="stmt"/>
        <line num="21" count="2" type="cond" truecount="1" falsecount="1"/>
        <line num="25" count="2" type="stmt"/>
        <line num="29" count="48" type="stmt"/>
        <line num="30" count="2" type="cond" truecount="1" falsecount="1"/>
        <line num="31" count="2" type="stmt"/>
        <line num="32" count="2" type="stmt"/>
        <line num="36" count="48" type="cond" truecount="4" falsecount="0"/>
        <line num="37" count="12" type="stmt"/>
        <line num="38" count="12" type="stmt"/>
        <line num="41" count="48" type="stmt"/>
        <line num="42" count="48" type="stmt"/>
        <line num="43" count="48" type="stmt"/>
        <line num="47" count="48" type="stmt"/>
        <line num="48" count="7" type="stmt"/>
        <line num="51" count="48" type="stmt"/>
        <line num="52" count="7" type="stmt"/>
        <line num="55" count="48" type="stmt"/>
      </file>
      <file name="RevenueChart.css" path="/Users/modurotoluolokode/code/src/github.com/durotolu/dashboard-mainstack/src/components/RevenueChart.css">
        <metrics statements="0" coveredstatements="0" conditionals="0" coveredconditionals="0" methods="0" coveredmethods="0"/>
      </file>
      <file name="RevenueChart.tsx" path="/Users/modurotoluolokode/code/src/github.com/durotolu/dashboard-mainstack/src/components/RevenueChart.tsx">
        <metrics statements="34" coveredstatements="32" conditionals="18" coveredconditionals="18" methods="11" coveredmethods="11"/>
        <line num="15" count="1" type="stmt"/>
        <line num="16" count="7" type="stmt"/>
        <line num="17" count="7" type="stmt"/>
        <line num="19" count="0" type="stmt"/>
        <line num="23" count="1" type="stmt"/>
        <line num="24" count="6" type="stmt"/>
        <line num="25" count="6" type="stmt"/>
        <line num="27" count="0" type="stmt"/>
        <line num="31" count="1" type="stmt"/>
        <line num="32" count="7" type="stmt"/>
        <line num="34" count="7" type="stmt"/>
        <line num="35" count="7" type="cond" truecount="4" falsecount="0"/>
        <line num="38" count="4" type="stmt"/>
        <line num="40" count="15" type="cond" truecount="2" falsecount="0"/>
        <line num="44" count="4" type="cond" truecount="2" falsecount="0"/>
        <line num="47" count="3" type="stmt"/>
        <line num="48" count="9" type="stmt"/>
        <line num="49" count="9" type="cond" truecount="2" falsecount="0"/>
        <line num="50" count="9" type="stmt"/>
        <line num="54" count="3" type="stmt"/>
        <line num="55" count="7" type="stmt"/>
        <line num="60" count="6" type="stmt"/>
        <line num="62" count="3" type="stmt"/>
        <line num="65" count="7" type="stmt"/>
        <line num="66" count="7" type="cond" truecount="2" falsecount="0"/>
        <line num="68" count="7" type="stmt"/>
        <line num="69" count="3" type="stmt"/>
        <line num="75" count="7" type="cond" truecount="2" falsecount="0"/>
        <line num="76" count="1" type="stmt"/>
        <line num="85" count="6" type="cond" truecount="2" falsecount="0"/>
        <line num="86" count="1" type="stmt"/>
        <line num="97" count="5" type="cond" truecount="2" falsecount="0"/>
        <line num="98" count="2" type="stmt"/>
        <line num="109" count="3" type="stmt"/>
      </file>
      <file name="TransactionList.css" path="/Users/modurotoluolokode/code/src/github.com/durotolu/dashboard-mainstack/src/components/TransactionList.css">
        <metrics statements="0" coveredstatements="0" conditionals="0" coveredconditionals="0" methods="0" coveredmethods="0"/>
      </file>
      <file name="TransactionList.tsx" path="/Users/modurotoluolokode/code/src/github.com/durotolu/dashboard-mainstack/src/components/TransactionList.tsx">
        <metrics statements="44" coveredstatements="36" conditionals="52" coveredconditionals="32" methods="12" coveredmethods="11"/>
        <line num="10" count="2" type="stmt"/>
        <line num="11" count="24" type="stmt"/>
        <line num="13" count="24" type="stmt"/>
        <line num="22" count="2" type="stmt"/>
        <line num="23" count="24" type="stmt"/>
        <line num="24" count="24" type="stmt"/>
        <line num="26" count="0" type="stmt"/>
        <line num="30" count="2" type="stmt"/>
        <line num="31" count="24" type="cond" truecount="1" falsecount="1"/>
        <line num="32" count="24" type="stmt"/>
        <line num="63" count="0" type="stmt"/>
        <line num="94" count="2" type="stmt"/>
        <line num="95" count="24" type="stmt"/>
        <line num="96" count="24" type="stmt"/>
        <line num="99" count="2" type="stmt"/>
        <line num="100" count="29" type="stmt"/>
        <line num="101" count="29" type="stmt"/>
        <line num="102" count="29" type="stmt"/>
        <line num="115" count="29" type="stmt"/>
        <line num="116" count="26" type="cond" truecount="2" falsecount="0"/>
        <line num="118" count="22" type="stmt"/>
        <line num="120" count="21" type="cond" truecount="3" falsecount="1"/>
        <line num="121" count="0" type="stmt"/>
        <line num="122" count="0" type="cond" truecount="0" falsecount="2"/>
        <line num="126" count="0" type="stmt"/>
        <line num="127" count="0" type="cond" truecount="0" falsecount="4"/>
        <line num="128" count="0" type="stmt"/>
        <line num="132" count="21" type="cond" truecount="1" falsecount="1"/>
        <line num="133" count="21" type="stmt"/>
        <line num="134" count="21" type="cond" truecount="1" falsecount="1"/>
        <line num="138" count="21" type="cond" truecount="1" falsecount="1"/>
        <line num="139" count="21" type="cond" truecount="1" falsecount="1"/>
        <line num="142" count="21" type="stmt"/>
        <line num="146" count="29" type="stmt"/>
        <line num="147" count="26" type="stmt"/>
        <line num="155" count="29" type="cond" truecount="2" falsecount="0"/>
        <line num="156" count="2" type="stmt"/>
        <line num="163" count="27" type="cond" truecount="2" falsecount="0"/>
        <line num="164" count="2" type="stmt"/>
        <line num="173" count="25" type="stmt"/>
        <line num="183" count="2" type="stmt"/>
        <line num="307" count="0" type="stmt"/>
        <line num="321" count="24" type="stmt"/>
        <line num="355" count="1" type="stmt"/>
      </file>
      <file name="WalletSummary.css" path="/Users/modurotoluolokode/code/src/github.com/durotolu/dashboard-mainstack/src/components/WalletSummary.css">
        <metrics statements="0" coveredstatements="0" conditionals="0" coveredconditionals="0" methods="0" coveredmethods="0"/>
      </file>
      <file name="WalletSummary.tsx" path="/Users/modurotoluolokode/code/src/github.com/durotolu/dashboard-mainstack/src/components/WalletSummary.tsx">
        <metrics statements="11" coveredstatements="11" conditionals="6" coveredconditionals="6" methods="2" coveredmethods="2"/>
        <line num="8" count="2" type="stmt"/>
        <line num="9" count="125" type="stmt"/>
        <line num="17" count="2" type="stmt"/>
        <line num="18" count="34" type="stmt"/>
        <line num="20" count="34" type="cond" truecount="2" falsecount="0"/>
        <line num="21" count="4" type="stmt"/>
        <line num="28" count="30" type="cond" truecount="2" falsecount="0"/>
        <line num="29" count="4" type="stmt"/>
        <line num="38" count="26" type="cond" truecount="2" falsecount="0"/>
        <line num="39" count="1" type="stmt"/>
        <line num="42" count="25" type="stmt"/>
      </file>
    </package>
    <package name="src.components.ui">
      <metrics statements="24" coveredstatements="24" conditionals="18" coveredconditionals="18" methods="7" coveredmethods="7"/>
      <file name="Button.css" path="/Users/modurotoluolokode/code/src/github.com/durotolu/dashboard-mainstack/src/components/ui/Button.css">
        <metrics statements="0" coveredstatements="0" conditionals="0" coveredconditionals="0" methods="0" coveredmethods="0"/>
      </file>
      <file name="Button.tsx" path="/Users/modurotoluolokode/code/src/github.com/durotolu/dashboard-mainstack/src/components/ui/Button.tsx">
        <metrics statements="6" coveredstatements="6" conditionals="3" coveredconditionals="3" methods="1" coveredmethods="1"/>
        <line num="10" count="5" type="stmt"/>
        <line num="17" count="178" type="stmt"/>
        <line num="18" count="178" type="stmt"/>
        <line num="19" count="178" type="stmt"/>
        <line num="21" count="178" type="stmt"/>
        <line num="25" count="178" type="stmt"/>
      </file>
      <file name="Loading.css" path="/Users/modurotoluolokode/code/src/github.com/durotolu/dashboard-mainstack/src/components/ui/Loading.css">
        <metrics statements="0" coveredstatements="0" conditionals="0" coveredconditionals="0" methods="0" coveredmethods="0"/>
      </file>
      <file name="Loading.tsx" path="/Users/modurotoluolokode/code/src/github.com/durotolu/dashboard-mainstack/src/components/ui/Loading.tsx">
        <metrics statements="2" coveredstatements="2" conditionals="4" coveredconditionals="4" methods="1" coveredmethods="1"/>
        <line num="10" count="6" type="stmt"/>
        <line num="15" count="32" type="stmt"/>
      </file>
      <file name="Modal.css" path="/Users/modurotoluolokode/code/src/github.com/durotolu/dashboard-mainstack/src/components/ui/Modal.css">
        <metrics statements="0" coveredstatements="0" conditionals="0" coveredconditionals="0" methods="0" coveredmethods="0"/>
      </file>
      <file name="Modal.tsx" path="/Users/modurotoluolokode/code/src/github.com/durotolu/dashboard-mainstack/src/components/ui/Modal.tsx">
        <metrics statements="16" coveredstatements="16" conditionals="11" coveredconditionals="11" methods="5" coveredmethods="5"/>
        <line num="13" count="1" type="stmt"/>
        <line num="20" count="35" type="stmt"/>
        <line num="21" count="34" type="stmt"/>
        <line num="22" count="5" type="cond" truecount="2" falsecount="0"/>
        <line num="23" count="2" type="stmt"/>
        <line num="27" count="34" type="cond" truecount="2" falsecount="0"/>
        <line num="28" count="28" type="stmt"/>
        <line num="29" count="28" type="stmt"/>
        <line num="32" count="34" type="stmt"/>
        <line num="33" count="34" type="stmt"/>
        <line num="34" count="34" type="stmt"/>
        <line num="38" count="35" type="cond" truecount="2" falsecount="0"/>
        <line num="40" count="29" type="stmt"/>
        <line num="41" count="5" type="cond" truecount="2" falsecount="0"/>
        <line num="42" count="1" type="stmt"/>
        <line num="46" count="29" type="stmt"/>
      </file>
    </package>
    <package name="src.hooks">
      <metrics statements="15" coveredstatements="15" conditionals="3" coveredconditionals="3" methods="9" coveredmethods="9"/>
      <file name="useApi.ts" path="/Users/modurotoluolokode/code/src/github.com/durotolu/dashboard-mainstack/src/hooks/useApi.ts">
        <metrics statements="15" coveredstatements="15" conditionals="3" coveredconditionals="3" methods="9" coveredmethods="9"/>
        <line num="7" count="58" type="stmt"/>
        <line num="8" count="58" type="stmt"/>
        <line num="13" count="58" type="stmt"/>
        <line num="14" count="22" type="stmt"/>
        <line num="15" count="22" type="stmt"/>
        <line num="16" count="22" type="stmt"/>
        <line num="17" count="12" type="stmt"/>
        <line num="18" count="12" type="stmt"/>
        <line num="20" count="7" type="stmt"/>
        <line num="27" count="58" type="stmt"/>
        <line num="28" count="19" type="stmt"/>
        <line num="31" count="58" type="stmt"/>
        <line num="41" count="33" type="stmt"/>
        <line num="45" count="11" type="stmt"/>
        <line num="49" count="14" type="stmt"/>
      </file>
    </package>
    <package name="src.services">
      <metrics statements="14" coveredstatements="14" conditionals="6" coveredconditionals="6" methods="4" coveredmethods="4"/>
      <file name="api.ts" path="/Users/modurotoluolokode/code/src/github.com/durotolu/dashboard-mainstack/src/services/api.ts">
        <metrics statements="14" coveredstatements="14" conditionals="6" coveredconditionals="6" methods="4" coveredmethods="4"/>
        <line num="4" count="1" type="stmt"/>
        <line num="8" count="34" type="stmt"/>
        <line num="9" count="34" type="stmt"/>
        <line num="15" count="24" type="cond" truecount="2" falsecount="0"/>
        <line num="16" count="17" type="stmt"/>
        <line num="19" count="7" type="stmt"/>
        <line num="20" count="5" type="stmt"/>
        <line num="22" count="29" type="cond" truecount="2" falsecount="0"/>
        <line num="23" count="19" type="stmt"/>
        <line num="27" count="10" type="stmt"/>
        <line num="35" count="27" type="stmt"/>
        <line num="39" count="3" type="stmt"/>
        <line num="43" count="4" type="stmt"/>
        <line num="48" count="1" type="stmt"/>
      </file>
    </package>
    <package name="src.types">
      <metrics statements="3" coveredstatements="3" conditionals="0" coveredconditionals="0" methods="1" coveredmethods="1"/>
      <file name="api.ts" path="/Users/modurotoluolokode/code/src/github.com/durotolu/dashboard-mainstack/src/types/api.ts">
        <metrics statements="3" coveredstatements="3" conditionals="0" coveredconditionals="0" methods="1" coveredmethods="1"/>
        <line num="49" count="29" type="stmt"/>
        <line num="50" count="29" type="stmt"/>
        <line num="51" count="29" type="stmt"/>
      </file>
    </package>
  </project>
</coverage>
