{"/Users/modurotoluolokode/code/src/github.com/durotolu/dashboard-mainstack/src/App.css": {"path":"/Users/modurotoluolokode/code/src/github.com/durotolu/dashboard-mainstack/src/App.css","statementMap":{},"fnMap":{},"branchMap":{},"s":{},"f":{},"b":{},"meta":{"lastBranch":0,"lastFunction":0,"lastStatement":0,"seen":{}}}
,"/Users/modurotoluolokode/code/src/github.com/durotolu/dashboard-mainstack/src/App.tsx": {"path":"/Users/modurotoluolokode/code/src/github.com/durotolu/dashboard-mainstack/src/App.tsx","statementMap":{"0":{"start":{"line":8,"column":2},"end":{"line":17,"column":null}}},"fnMap":{"0":{"name":"App","decl":{"start":{"line":7,"column":9},"end":{"line":7,"column":15}},"loc":{"start":{"line":7,"column":15},"end":{"line":19,"column":null}},"line":7}},"branchMap":{},"s":{"0":16},"f":{"0":16},"b":{},"meta":{"lastBranch":0,"lastFunction":1,"lastStatement":1,"seen":{"f:7:9:7:15":0,"s:8:2:17:Infinity":0}}}
,"/Users/modurotoluolokode/code/src/github.com/durotolu/dashboard-mainstack/src/components/FilterSidebar.css": {"path":"/Users/modurotoluolokode/code/src/github.com/durotolu/dashboard-mainstack/src/components/FilterSidebar.css","statementMap":{},"fnMap":{},"branchMap":{},"s":{},"f":{},"b":{},"meta":{"lastBranch":0,"lastFunction":0,"lastStatement":0,"seen":{}}}
,"/Users/modurotoluolokode/code/src/github.com/durotolu/dashboard-mainstack/src/components/FilterSidebar.tsx": {"path":"/Users/modurotoluolokode/code/src/github.com/durotolu/dashboard-mainstack/src/components/FilterSidebar.tsx","statementMap":{"0":{"start":{"line":15,"column":22},"end":{"line":21,"column":null}},"1":{"start":{"line":23,"column":26},"end":{"line":30,"column":null}},"2":{"start":{"line":32,"column":29},"end":{"line":36,"column":null}},"3":{"start":{"line":38,"column":59},"end":{"line":352,"column":null}},"4":{"start":{"line":44,"column":38},"end":{"line":44,"column":null}},"5":{"start":{"line":45,"column":50},"end":{"line":45,"column":null}},"6":{"start":{"line":46,"column":54},"end":{"line":46,"column":null}},"7":{"start":{"line":47,"column":8},"end":{"line":47,"column":null}},"8":{"start":{"line":48,"column":8},"end":{"line":48,"column":null}},"9":{"start":{"line":50,"column":2},"end":{"line":52,"column":null}},"10":{"start":{"line":51,"column":4},"end":{"line":51,"column":null}},"11":{"start":{"line":54,"column":2},"end":{"line":81,"column":null}},"12":{"start":{"line":55,"column":25},"end":{"line":59,"column":null}},"13":{"start":{"line":56,"column":6},"end":{"line":58,"column":null}},"14":{"start":{"line":57,"column":8},"end":{"line":57,"column":null}},"15":{"start":{"line":61,"column":31},"end":{"line":68,"column":null}},"16":{"start":{"line":62,"column":6},"end":{"line":64,"column":null}},"17":{"start":{"line":63,"column":8},"end":{"line":63,"column":null}},"18":{"start":{"line":65,"column":6},"end":{"line":67,"column":null}},"19":{"start":{"line":66,"column":8},"end":{"line":66,"column":null}},"20":{"start":{"line":70,"column":4},"end":{"line":74,"column":null}},"21":{"start":{"line":71,"column":6},"end":{"line":71,"column":null}},"22":{"start":{"line":72,"column":6},"end":{"line":72,"column":null}},"23":{"start":{"line":73,"column":6},"end":{"line":73,"column":null}},"24":{"start":{"line":76,"column":4},"end":{"line":80,"column":null}},"25":{"start":{"line":77,"column":6},"end":{"line":77,"column":null}},"26":{"start":{"line":78,"column":6},"end":{"line":78,"column":null}},"27":{"start":{"line":79,"column":6},"end":{"line":79,"column":null}},"28":{"start":{"line":83,"column":28},"end":{"line":115,"column":null}},"29":{"start":{"line":84,"column":16},"end":{"line":84,"column":null}},"30":{"start":{"line":85,"column":29},"end":{"line":85,"column":null}},"31":{"start":{"line":86,"column":27},"end":{"line":86,"column":null}},"32":{"start":{"line":88,"column":4},"end":{"line":109,"column":null}},"33":{"start":{"line":90,"column":8},"end":{"line":90,"column":null}},"34":{"start":{"line":91,"column":8},"end":{"line":91,"column":null}},"35":{"start":{"line":92,"column":8},"end":{"line":92,"column":null}},"36":{"start":{"line":94,"column":8},"end":{"line":94,"column":null}},"37":{"start":{"line":95,"column":8},"end":{"line":95,"column":null}},"38":{"start":{"line":96,"column":8},"end":{"line":96,"column":null}},"39":{"start":{"line":98,"column":8},"end":{"line":98,"column":null}},"40":{"start":{"line":99,"column":8},"end":{"line":99,"column":null}},"41":{"start":{"line":100,"column":8},"end":{"line":100,"column":null}},"42":{"start":{"line":102,"column":8},"end":{"line":102,"column":null}},"43":{"start":{"line":103,"column":8},"end":{"line":103,"column":null}},"44":{"start":{"line":104,"column":8},"end":{"line":104,"column":null}},"45":{"start":{"line":106,"column":8},"end":{"line":106,"column":null}},"46":{"start":{"line":107,"column":8},"end":{"line":107,"column":null}},"47":{"start":{"line":108,"column":8},"end":{"line":108,"column":null}},"48":{"start":{"line":111,"column":4},"end":{"line":114,"column":null}},"49":{"start":{"line":111,"column":29},"end":{"line":114,"column":6}},"50":{"start":{"line":117,"column":38},"end":{"line":124,"column":null}},"51":{"start":{"line":118,"column":4},"end":{"line":123,"column":null}},"52":{"start":{"line":118,"column":29},"end":{"line":123,"column":6}},"53":{"start":{"line":121,"column":44},"end":{"line":121,"column":54}},"54":{"start":{"line":126,"column":40},"end":{"line":133,"column":null}},"55":{"start":{"line":127,"column":4},"end":{"line":132,"column":null}},"56":{"start":{"line":127,"column":29},"end":{"line":132,"column":6}},"57":{"start":{"line":130,"column":47},"end":{"line":130,"column":59}},"58":{"start":{"line":135,"column":31},"end":{"line":139,"column":null}},"59":{"start":{"line":136,"column":4},"end":{"line":136,"column":null}},"60":{"start":{"line":136,"column":29},"end":{"line":136,"column":null}},"61":{"start":{"line":137,"column":4},"end":{"line":137,"column":null}},"62":{"start":{"line":137,"column":29},"end":{"line":137,"column":null}},"63":{"start":{"line":138,"column":4},"end":{"line":138,"column":null}},"64":{"start":{"line":141,"column":28},"end":{"line":155,"column":null}},"65":{"start":{"line":143,"column":6},"end":{"line":144,"column":null}},"66":{"start":{"line":147,"column":6},"end":{"line":148,"column":null}},"67":{"start":{"line":148,"column":51},"end":{"line":148,"column":90}},"68":{"start":{"line":151,"column":6},"end":{"line":152,"column":null}},"69":{"start":{"line":152,"column":56},"end":{"line":152,"column":100}},"70":{"start":{"line":154,"column":4},"end":{"line":154,"column":null}},"71":{"start":{"line":157,"column":22},"end":{"line":160,"column":null}},"72":{"start":{"line":158,"column":4},"end":{"line":158,"column":null}},"73":{"start":{"line":159,"column":4},"end":{"line":159,"column":null}},"74":{"start":{"line":162,"column":22},"end":{"line":171,"column":null}},"75":{"start":{"line":163,"column":47},"end":{"line":167,"column":null}},"76":{"start":{"line":168,"column":4},"end":{"line":168,"column":null}},"77":{"start":{"line":169,"column":4},"end":{"line":169,"column":null}},"78":{"start":{"line":170,"column":4},"end":{"line":170,"column":null}},"79":{"start":{"line":173,"column":30},"end":{"line":177,"column":null}},"80":{"start":{"line":174,"column":4},"end":{"line":176,"column":null}},"81":{"start":{"line":175,"column":6},"end":{"line":175,"column":null}},"82":{"start":{"line":179,"column":2},"end":{"line":179,"column":null}},"83":{"start":{"line":179,"column":15},"end":{"line":179,"column":null}},"84":{"start":{"line":181,"column":2},"end":{"line":350,"column":null}},"85":{"start":{"line":200,"column":16},"end":{"line":206,"column":null}},"86":{"start":{"line":203,"column":33},"end":{"line":203,"column":null}},"87":{"start":{"line":218,"column":38},"end":{"line":221,"column":null}},"88":{"start":{"line":218,"column":63},"end":{"line":221,"column":20}},"89":{"start":{"line":239,"column":38},"end":{"line":242,"column":null}},"90":{"start":{"line":239,"column":63},"end":{"line":242,"column":20}},"91":{"start":{"line":266,"column":31},"end":{"line":266,"column":null}},"92":{"start":{"line":284,"column":20},"end":{"line":291,"column":null}},"93":{"start":{"line":288,"column":40},"end":{"line":288,"column":null}},"94":{"start":{"line":304,"column":31},"end":{"line":304,"column":null}},"95":{"start":{"line":322,"column":20},"end":{"line":329,"column":null}},"96":{"start":{"line":326,"column":40},"end":{"line":326,"column":null}}},"fnMap":{"0":{"name":"(anonymous_0)","decl":{"start":{"line":38,"column":59},"end":{"line":38,"column":60}},"loc":{"start":{"line":43,"column":6},"end":{"line":352,"column":null}},"line":43},"1":{"name":"(anonymous_1)","decl":{"start":{"line":50,"column":12},"end":{"line":50,"column":18}},"loc":{"start":{"line":50,"column":18},"end":{"line":52,"column":5}},"line":50},"2":{"name":"(anonymous_2)","decl":{"start":{"line":54,"column":12},"end":{"line":54,"column":18}},"loc":{"start":{"line":54,"column":18},"end":{"line":81,"column":5}},"line":54},"3":{"name":"(anonymous_3)","decl":{"start":{"line":55,"column":25},"end":{"line":55,"column":26}},"loc":{"start":{"line":55,"column":51},"end":{"line":59,"column":null}},"line":55},"4":{"name":"(anonymous_4)","decl":{"start":{"line":61,"column":31},"end":{"line":61,"column":32}},"loc":{"start":{"line":61,"column":54},"end":{"line":68,"column":null}},"line":61},"5":{"name":"(anonymous_5)","decl":{"start":{"line":76,"column":11},"end":{"line":76,"column":17}},"loc":{"start":{"line":76,"column":17},"end":{"line":80,"column":null}},"line":76},"6":{"name":"(anonymous_6)","decl":{"start":{"line":83,"column":28},"end":{"line":83,"column":29}},"loc":{"start":{"line":83,"column":47},"end":{"line":115,"column":null}},"line":83},"7":{"name":"(anonymous_7)","decl":{"start":{"line":111,"column":20},"end":{"line":111,"column":29}},"loc":{"start":{"line":111,"column":29},"end":{"line":114,"column":6}},"line":111},"8":{"name":"(anonymous_8)","decl":{"start":{"line":117,"column":38},"end":{"line":117,"column":39}},"loc":{"start":{"line":117,"column":56},"end":{"line":124,"column":null}},"line":117},"9":{"name":"(anonymous_9)","decl":{"start":{"line":118,"column":20},"end":{"line":118,"column":29}},"loc":{"start":{"line":118,"column":29},"end":{"line":123,"column":6}},"line":118},"10":{"name":"(anonymous_10)","decl":{"start":{"line":121,"column":39},"end":{"line":121,"column":44}},"loc":{"start":{"line":121,"column":44},"end":{"line":121,"column":54}},"line":121},"11":{"name":"(anonymous_11)","decl":{"start":{"line":126,"column":40},"end":{"line":126,"column":41}},"loc":{"start":{"line":126,"column":60},"end":{"line":133,"column":null}},"line":126},"12":{"name":"(anonymous_12)","decl":{"start":{"line":127,"column":20},"end":{"line":127,"column":29}},"loc":{"start":{"line":127,"column":29},"end":{"line":132,"column":6}},"line":127},"13":{"name":"(anonymous_13)","decl":{"start":{"line":130,"column":42},"end":{"line":130,"column":47}},"loc":{"start":{"line":130,"column":47},"end":{"line":130,"column":59}},"line":130},"14":{"name":"(anonymous_14)","decl":{"start":{"line":135,"column":31},"end":{"line":135,"column":32}},"loc":{"start":{"line":135,"column":53},"end":{"line":139,"column":null}},"line":135},"15":{"name":"(anonymous_15)","decl":{"start":{"line":141,"column":28},"end":{"line":141,"column":34}},"loc":{"start":{"line":141,"column":34},"end":{"line":155,"column":null}},"line":141},"16":{"name":"(anonymous_16)","decl":{"start":{"line":148,"column":43},"end":{"line":148,"column":51}},"loc":{"start":{"line":148,"column":51},"end":{"line":148,"column":90}},"line":148},"17":{"name":"(anonymous_17)","decl":{"start":{"line":152,"column":46},"end":{"line":152,"column":56}},"loc":{"start":{"line":152,"column":56},"end":{"line":152,"column":100}},"line":152},"18":{"name":"(anonymous_18)","decl":{"start":{"line":157,"column":22},"end":{"line":157,"column":28}},"loc":{"start":{"line":157,"column":28},"end":{"line":160,"column":null}},"line":157},"19":{"name":"(anonymous_19)","decl":{"start":{"line":162,"column":22},"end":{"line":162,"column":28}},"loc":{"start":{"line":162,"column":28},"end":{"line":171,"column":null}},"line":162},"20":{"name":"(anonymous_20)","decl":{"start":{"line":173,"column":30},"end":{"line":173,"column":31}},"loc":{"start":{"line":173,"column":59},"end":{"line":177,"column":null}},"line":173},"21":{"name":"(anonymous_21)","decl":{"start":{"line":199,"column":33},"end":{"line":199,"column":null}},"loc":{"start":{"line":200,"column":16},"end":{"line":206,"column":null}},"line":200},"22":{"name":"(anonymous_22)","decl":{"start":{"line":203,"column":27},"end":{"line":203,"column":33}},"loc":{"start":{"line":203,"column":33},"end":{"line":203,"column":null}},"line":203},"23":{"name":"(anonymous_23)","decl":{"start":{"line":218,"column":28},"end":{"line":218,"column":29}},"loc":{"start":{"line":218,"column":38},"end":{"line":221,"column":null}},"line":218},"24":{"name":"(anonymous_24)","decl":{"start":{"line":218,"column":54},"end":{"line":218,"column":63}},"loc":{"start":{"line":218,"column":63},"end":{"line":221,"column":20}},"line":218},"25":{"name":"(anonymous_25)","decl":{"start":{"line":239,"column":28},"end":{"line":239,"column":29}},"loc":{"start":{"line":239,"column":38},"end":{"line":242,"column":null}},"line":239},"26":{"name":"(anonymous_26)","decl":{"start":{"line":239,"column":54},"end":{"line":239,"column":63}},"loc":{"start":{"line":239,"column":63},"end":{"line":242,"column":20}},"line":239},"27":{"name":"(anonymous_27)","decl":{"start":{"line":266,"column":25},"end":{"line":266,"column":31}},"loc":{"start":{"line":266,"column":31},"end":{"line":266,"column":null}},"line":266},"28":{"name":"(anonymous_28)","decl":{"start":{"line":283,"column":41},"end":{"line":283,"column":null}},"loc":{"start":{"line":284,"column":20},"end":{"line":291,"column":null}},"line":284},"29":{"name":"(anonymous_29)","decl":{"start":{"line":288,"column":34},"end":{"line":288,"column":40}},"loc":{"start":{"line":288,"column":40},"end":{"line":288,"column":null}},"line":288},"30":{"name":"(anonymous_30)","decl":{"start":{"line":304,"column":25},"end":{"line":304,"column":31}},"loc":{"start":{"line":304,"column":31},"end":{"line":304,"column":null}},"line":304},"31":{"name":"(anonymous_31)","decl":{"start":{"line":321,"column":44},"end":{"line":321,"column":null}},"loc":{"start":{"line":322,"column":20},"end":{"line":329,"column":null}},"line":322},"32":{"name":"(anonymous_32)","decl":{"start":{"line":326,"column":34},"end":{"line":326,"column":40}},"loc":{"start":{"line":326,"column":40},"end":{"line":326,"column":null}},"line":326}},"branchMap":{"0":{"loc":{"start":{"line":56,"column":6},"end":{"line":58,"column":null}},"type":"if","locations":[{"start":{"line":56,"column":6},"end":{"line":58,"column":null}},{"start":{},"end":{}}],"line":56},"1":{"loc":{"start":{"line":62,"column":6},"end":{"line":64,"column":null}},"type":"if","locations":[{"start":{"line":62,"column":6},"end":{"line":64,"column":null}},{"start":{},"end":{}}],"line":62},"2":{"loc":{"start":{"line":62,"column":10},"end":{"line":62,"column":94}},"type":"binary-expr","locations":[{"start":{"line":62,"column":10},"end":{"line":62,"column":37}},{"start":{"line":62,"column":37},"end":{"line":62,"column":94}}],"line":62},"3":{"loc":{"start":{"line":65,"column":6},"end":{"line":67,"column":null}},"type":"if","locations":[{"start":{"line":65,"column":6},"end":{"line":67,"column":null}},{"start":{},"end":{}}],"line":65},"4":{"loc":{"start":{"line":65,"column":10},"end":{"line":65,"column":98}},"type":"binary-expr","locations":[{"start":{"line":65,"column":10},"end":{"line":65,"column":39}},{"start":{"line":65,"column":39},"end":{"line":65,"column":98}}],"line":65},"5":{"loc":{"start":{"line":70,"column":4},"end":{"line":74,"column":null}},"type":"if","locations":[{"start":{"line":70,"column":4},"end":{"line":74,"column":null}},{"start":{},"end":{}}],"line":70},"6":{"loc":{"start":{"line":88,"column":4},"end":{"line":109,"column":null}},"type":"switch","locations":[{"start":{"line":89,"column":6},"end":{"line":92,"column":null}},{"start":{"line":93,"column":6},"end":{"line":96,"column":null}},{"start":{"line":97,"column":6},"end":{"line":100,"column":null}},{"start":{"line":101,"column":6},"end":{"line":104,"column":null}},{"start":{"line":105,"column":6},"end":{"line":108,"column":null}}],"line":88},"7":{"loc":{"start":{"line":120,"column":24},"end":{"line":122,"column":null}},"type":"cond-expr","locations":[{"start":{"line":121,"column":10},"end":{"line":121,"column":null}},{"start":{"line":122,"column":10},"end":{"line":122,"column":null}}],"line":120},"8":{"loc":{"start":{"line":129,"column":27},"end":{"line":131,"column":null}},"type":"cond-expr","locations":[{"start":{"line":130,"column":10},"end":{"line":130,"column":null}},{"start":{"line":131,"column":10},"end":{"line":131,"column":null}}],"line":129},"9":{"loc":{"start":{"line":136,"column":4},"end":{"line":136,"column":null}},"type":"if","locations":[{"start":{"line":136,"column":4},"end":{"line":136,"column":null}},{"start":{},"end":{}}],"line":136},"10":{"loc":{"start":{"line":137,"column":4},"end":{"line":137,"column":null}},"type":"if","locations":[{"start":{"line":137,"column":4},"end":{"line":137,"column":null}},{"start":{},"end":{}}],"line":137},"11":{"loc":{"start":{"line":143,"column":6},"end":{"line":144,"column":null}},"type":"binary-expr","locations":[{"start":{"line":143,"column":6},"end":{"line":143,"column":null}},{"start":{"line":144,"column":6},"end":{"line":144,"column":null}}],"line":143},"12":{"loc":{"start":{"line":147,"column":6},"end":{"line":148,"column":null}},"type":"binary-expr","locations":[{"start":{"line":147,"column":6},"end":{"line":147,"column":null}},{"start":{"line":148,"column":6},"end":{"line":148,"column":null}}],"line":147},"13":{"loc":{"start":{"line":151,"column":6},"end":{"line":152,"column":null}},"type":"binary-expr","locations":[{"start":{"line":151,"column":6},"end":{"line":151,"column":null}},{"start":{"line":152,"column":6},"end":{"line":152,"column":null}}],"line":151},"14":{"loc":{"start":{"line":154,"column":11},"end":{"line":154,"column":null}},"type":"binary-expr","locations":[{"start":{"line":154,"column":11},"end":{"line":154,"column":26}},{"start":{"line":154,"column":26},"end":{"line":154,"column":42}},{"start":{"line":154,"column":42},"end":{"line":154,"column":null}}],"line":154},"15":{"loc":{"start":{"line":174,"column":4},"end":{"line":176,"column":null}},"type":"if","locations":[{"start":{"line":174,"column":4},"end":{"line":176,"column":null}},{"start":{},"end":{}}],"line":174},"16":{"loc":{"start":{"line":179,"column":2},"end":{"line":179,"column":null}},"type":"if","locations":[{"start":{"line":179,"column":2},"end":{"line":179,"column":null}},{"start":{},"end":{}}],"line":179},"17":{"loc":{"start":{"line":183,"column":40},"end":{"line":183,"column":76}},"type":"cond-expr","locations":[{"start":{"line":183,"column":49},"end":{"line":183,"column":74}},{"start":{"line":183,"column":74},"end":{"line":183,"column":76}}],"line":183},"18":{"loc":{"start":{"line":265,"column":49},"end":{"line":265,"column":101}},"type":"cond-expr","locations":[{"start":{"line":265,"column":70},"end":{"line":265,"column":99}},{"start":{"line":265,"column":99},"end":{"line":265,"column":101}}],"line":265},"19":{"loc":{"start":{"line":268,"column":55},"end":{"line":268,"column":138}},"type":"cond-expr","locations":[{"start":{"line":268,"column":100},"end":{"line":268,"column":136}},{"start":{"line":268,"column":136},"end":{"line":268,"column":138}}],"line":268},"20":{"loc":{"start":{"line":269,"column":19},"end":{"line":269,"column":null}},"type":"binary-expr","locations":[{"start":{"line":269,"column":19},"end":{"line":269,"column":74}},{"start":{"line":269,"column":74},"end":{"line":269,"column":null}}],"line":269},"21":{"loc":{"start":{"line":272,"column":51},"end":{"line":272,"column":103}},"type":"cond-expr","locations":[{"start":{"line":272,"column":72},"end":{"line":272,"column":101}},{"start":{"line":272,"column":101},"end":{"line":272,"column":103}}],"line":272},"22":{"loc":{"start":{"line":281,"column":15},"end":{"line":293,"column":null}},"type":"binary-expr","locations":[{"start":{"line":281,"column":15},"end":{"line":281,"column":null}},{"start":{"line":282,"column":16},"end":{"line":293,"column":null}}],"line":281},"23":{"loc":{"start":{"line":303,"column":49},"end":{"line":303,"column":103}},"type":"cond-expr","locations":[{"start":{"line":303,"column":72},"end":{"line":303,"column":101}},{"start":{"line":303,"column":101},"end":{"line":303,"column":103}}],"line":303},"24":{"loc":{"start":{"line":306,"column":55},"end":{"line":306,"column":141}},"type":"cond-expr","locations":[{"start":{"line":306,"column":103},"end":{"line":306,"column":139}},{"start":{"line":306,"column":139},"end":{"line":306,"column":141}}],"line":306},"25":{"loc":{"start":{"line":307,"column":19},"end":{"line":307,"column":null}},"type":"binary-expr","locations":[{"start":{"line":307,"column":19},"end":{"line":307,"column":77}},{"start":{"line":307,"column":77},"end":{"line":307,"column":null}}],"line":307},"26":{"loc":{"start":{"line":310,"column":51},"end":{"line":310,"column":105}},"type":"cond-expr","locations":[{"start":{"line":310,"column":74},"end":{"line":310,"column":103}},{"start":{"line":310,"column":103},"end":{"line":310,"column":105}}],"line":310},"27":{"loc":{"start":{"line":319,"column":15},"end":{"line":331,"column":null}},"type":"binary-expr","locations":[{"start":{"line":319,"column":15},"end":{"line":319,"column":null}},{"start":{"line":320,"column":16},"end":{"line":331,"column":null}}],"line":319}},"s":{"0":2,"1":2,"2":2,"3":2,"4":64,"5":64,"6":64,"7":64,"8":64,"9":64,"10":36,"11":64,"12":36,"13":0,"14":0,"15":36,"16":0,"17":0,"18":0,"19":0,"20":36,"21":21,"22":21,"23":21,"24":36,"25":36,"26":36,"27":36,"28":64,"29":4,"30":4,"31":4,"32":4,"33":2,"34":2,"35":2,"36":1,"37":1,"38":1,"39":1,"40":1,"41":1,"42":0,"43":0,"44":0,"45":0,"46":0,"47":0,"48":4,"49":4,"50":64,"51":3,"52":3,"53":0,"54":64,"55":1,"56":1,"57":0,"58":64,"59":98,"60":92,"61":6,"62":5,"63":1,"64":64,"65":49,"66":49,"67":1,"68":49,"69":1,"70":49,"71":64,"72":9,"73":9,"74":64,"75":1,"76":1,"77":1,"78":1,"79":64,"80":30,"81":1,"82":64,"83":15,"84":49,"85":245,"86":4,"87":1,"88":1,"89":1,"90":1,"91":3,"92":54,"93":3,"94":2,"95":15,"96":1},"f":{"0":64,"1":36,"2":36,"3":0,"4":0,"5":36,"6":4,"7":4,"8":3,"9":3,"10":0,"11":1,"12":1,"13":0,"14":98,"15":49,"16":1,"17":1,"18":9,"19":1,"20":30,"21":245,"22":4,"23":1,"24":1,"25":1,"26":1,"27":3,"28":54,"29":3,"30":2,"31":15,"32":1},"b":{"0":[0,0],"1":[0,0],"2":[0,0],"3":[0,0],"4":[0,0],"5":[21,15],"6":[2,1,1,0,0],"7":[0,3],"8":[0,1],"9":[92,6],"10":[5,1],"11":[49,37],"12":[49,44],"13":[49,46],"14":[49,35,32],"15":[1,29],"16":[15,49],"17":[49,0],"18":[9,40],"19":[45,4],"20":[64,45],"21":[9,40],"22":[64,9],"23":[5,44],"24":[47,2],"25":[64,47],"26":[5,44],"27":[64,5]},"meta":{"lastBranch":28,"lastFunction":33,"lastStatement":97,"seen":{"s:15:22:21:Infinity":0,"s:23:26:30:Infinity":1,"s:32:29:36:Infinity":2,"s:38:59:352:Infinity":3,"f:38:59:38:60":0,"s:44:38:44:Infinity":4,"s:45:50:45:Infinity":5,"s:46:54:46:Infinity":6,"s:47:8:47:Infinity":7,"s:48:8:48:Infinity":8,"s:50:2:52:Infinity":9,"f:50:12:50:18":1,"s:51:4:51:Infinity":10,"s:54:2:81:Infinity":11,"f:54:12:54:18":2,"s:55:25:59:Infinity":12,"f:55:25:55:26":3,"b:56:6:58:Infinity:undefined:undefined:undefined:undefined":0,"s:56:6:58:Infinity":13,"s:57:8:57:Infinity":14,"s:61:31:68:Infinity":15,"f:61:31:61:32":4,"b:62:6:64:Infinity:undefined:undefined:undefined:undefined":1,"s:62:6:64:Infinity":16,"b:62:10:62:37:62:37:62:94":2,"s:63:8:63:Infinity":17,"b:65:6:67:Infinity:undefined:undefined:undefined:undefined":3,"s:65:6:67:Infinity":18,"b:65:10:65:39:65:39:65:98":4,"s:66:8:66:Infinity":19,"b:70:4:74:Infinity:undefined:undefined:undefined:undefined":5,"s:70:4:74:Infinity":20,"s:71:6:71:Infinity":21,"s:72:6:72:Infinity":22,"s:73:6:73:Infinity":23,"s:76:4:80:Infinity":24,"f:76:11:76:17":5,"s:77:6:77:Infinity":25,"s:78:6:78:Infinity":26,"s:79:6:79:Infinity":27,"s:83:28:115:Infinity":28,"f:83:28:83:29":6,"s:84:16:84:Infinity":29,"s:85:29:85:Infinity":30,"s:86:27:86:Infinity":31,"b:89:6:92:Infinity:93:6:96:Infinity:97:6:100:Infinity:101:6:104:Infinity:105:6:108:Infinity":6,"s:88:4:109:Infinity":32,"s:90:8:90:Infinity":33,"s:91:8:91:Infinity":34,"s:92:8:92:Infinity":35,"s:94:8:94:Infinity":36,"s:95:8:95:Infinity":37,"s:96:8:96:Infinity":38,"s:98:8:98:Infinity":39,"s:99:8:99:Infinity":40,"s:100:8:100:Infinity":41,"s:102:8:102:Infinity":42,"s:103:8:103:Infinity":43,"s:104:8:104:Infinity":44,"s:106:8:106:Infinity":45,"s:107:8:107:Infinity":46,"s:108:8:108:Infinity":47,"s:111:4:114:Infinity":48,"f:111:20:111:29":7,"s:111:29:114:6":49,"s:117:38:124:Infinity":50,"f:117:38:117:39":8,"s:118:4:123:Infinity":51,"f:118:20:118:29":9,"s:118:29:123:6":52,"b:121:10:121:Infinity:122:10:122:Infinity":7,"f:121:39:121:44":10,"s:121:44:121:54":53,"s:126:40:133:Infinity":54,"f:126:40:126:41":11,"s:127:4:132:Infinity":55,"f:127:20:127:29":12,"s:127:29:132:6":56,"b:130:10:130:Infinity:131:10:131:Infinity":8,"f:130:42:130:47":13,"s:130:47:130:59":57,"s:135:31:139:Infinity":58,"f:135:31:135:32":14,"b:136:4:136:Infinity:undefined:undefined:undefined:undefined":9,"s:136:4:136:Infinity":59,"s:136:29:136:Infinity":60,"b:137:4:137:Infinity:undefined:undefined:undefined:undefined":10,"s:137:4:137:Infinity":61,"s:137:29:137:Infinity":62,"s:138:4:138:Infinity":63,"s:141:28:155:Infinity":64,"f:141:28:141:34":15,"s:143:6:144:Infinity":65,"b:143:6:143:Infinity:144:6:144:Infinity":11,"s:147:6:148:Infinity":66,"b:147:6:147:Infinity:148:6:148:Infinity":12,"f:148:43:148:51":16,"s:148:51:148:90":67,"s:151:6:152:Infinity":68,"b:151:6:151:Infinity:152:6:152:Infinity":13,"f:152:46:152:56":17,"s:152:56:152:100":69,"s:154:4:154:Infinity":70,"b:154:11:154:26:154:26:154:42:154:42:154:Infinity":14,"s:157:22:160:Infinity":71,"f:157:22:157:28":18,"s:158:4:158:Infinity":72,"s:159:4:159:Infinity":73,"s:162:22:171:Infinity":74,"f:162:22:162:28":19,"s:163:47:167:Infinity":75,"s:168:4:168:Infinity":76,"s:169:4:169:Infinity":77,"s:170:4:170:Infinity":78,"s:173:30:177:Infinity":79,"f:173:30:173:31":20,"b:174:4:176:Infinity:undefined:undefined:undefined:undefined":15,"s:174:4:176:Infinity":80,"s:175:6:175:Infinity":81,"b:179:2:179:Infinity:undefined:undefined:undefined:undefined":16,"s:179:2:179:Infinity":82,"s:179:15:179:Infinity":83,"s:181:2:350:Infinity":84,"b:183:49:183:74:183:74:183:76":17,"f:199:33:199:Infinity":21,"s:200:16:206:Infinity":85,"f:203:27:203:33":22,"s:203:33:203:Infinity":86,"f:218:28:218:29":23,"s:218:38:221:Infinity":87,"f:218:54:218:63":24,"s:218:63:221:20":88,"f:239:28:239:29":25,"s:239:38:242:Infinity":89,"f:239:54:239:63":26,"s:239:63:242:20":90,"b:265:70:265:99:265:99:265:101":18,"f:266:25:266:31":27,"s:266:31:266:Infinity":91,"b:268:100:268:136:268:136:268:138":19,"b:269:19:269:74:269:74:269:Infinity":20,"b:272:72:272:101:272:101:272:103":21,"b:281:15:281:Infinity:282:16:293:Infinity":22,"f:283:41:283:Infinity":28,"s:284:20:291:Infinity":92,"f:288:34:288:40":29,"s:288:40:288:Infinity":93,"b:303:72:303:101:303:101:303:103":23,"f:304:25:304:31":30,"s:304:31:304:Infinity":94,"b:306:103:306:139:306:139:306:141":24,"b:307:19:307:77:307:77:307:Infinity":25,"b:310:74:310:103:310:103:310:105":26,"b:319:15:319:Infinity:320:16:331:Infinity":27,"f:321:44:321:Infinity":31,"s:322:20:329:Infinity":95,"f:326:34:326:40":32,"s:326:40:326:Infinity":96}}}
,"/Users/modurotoluolokode/code/src/github.com/durotolu/dashboard-mainstack/src/components/Header.css": {"path":"/Users/modurotoluolokode/code/src/github.com/durotolu/dashboard-mainstack/src/components/Header.css","statementMap":{},"fnMap":{},"branchMap":{},"s":{},"f":{},"b":{},"meta":{"lastBranch":0,"lastFunction":0,"lastStatement":0,"seen":{}}}
,"/Users/modurotoluolokode/code/src/github.com/durotolu/dashboard-mainstack/src/components/Header.tsx": {"path":"/Users/modurotoluolokode/code/src/github.com/durotolu/dashboard-mainstack/src/components/Header.tsx","statementMap":{"0":{"start":{"line":6,"column":32},"end":{"line":684,"column":null}},"1":{"start":{"line":7,"column":37},"end":{"line":7,"column":null}},"2":{"start":{"line":8,"column":42},"end":{"line":8,"column":null}},"3":{"start":{"line":9,"column":50},"end":{"line":9,"column":null}},"4":{"start":{"line":10,"column":8},"end":{"line":10,"column":null}},"5":{"start":{"line":11,"column":8},"end":{"line":11,"column":null}},"6":{"start":{"line":13,"column":2},"end":{"line":45,"column":null}},"7":{"start":{"line":14,"column":31},"end":{"line":27,"column":null}},"8":{"start":{"line":15,"column":6},"end":{"line":20,"column":null}},"9":{"start":{"line":19,"column":8},"end":{"line":19,"column":null}},"10":{"start":{"line":21,"column":6},"end":{"line":26,"column":null}},"11":{"start":{"line":25,"column":8},"end":{"line":25,"column":null}},"12":{"start":{"line":29,"column":25},"end":{"line":34,"column":null}},"13":{"start":{"line":30,"column":6},"end":{"line":33,"column":null}},"14":{"start":{"line":31,"column":8},"end":{"line":31,"column":null}},"15":{"start":{"line":32,"column":8},"end":{"line":32,"column":null}},"16":{"start":{"line":36,"column":4},"end":{"line":39,"column":null}},"17":{"start":{"line":37,"column":6},"end":{"line":37,"column":null}},"18":{"start":{"line":38,"column":6},"end":{"line":38,"column":null}},"19":{"start":{"line":41,"column":4},"end":{"line":44,"column":null}},"20":{"start":{"line":42,"column":6},"end":{"line":42,"column":null}},"21":{"start":{"line":43,"column":6},"end":{"line":43,"column":null}},"22":{"start":{"line":47,"column":25},"end":{"line":49,"column":null}},"23":{"start":{"line":48,"column":4},"end":{"line":48,"column":null}},"24":{"start":{"line":51,"column":29},"end":{"line":53,"column":null}},"25":{"start":{"line":52,"column":4},"end":{"line":52,"column":null}},"26":{"start":{"line":55,"column":2},"end":{"line":682,"column":null}}},"fnMap":{"0":{"name":"(anonymous_0)","decl":{"start":{"line":6,"column":32},"end":{"line":6,"column":38}},"loc":{"start":{"line":6,"column":38},"end":{"line":684,"column":null}},"line":6},"1":{"name":"(anonymous_1)","decl":{"start":{"line":13,"column":12},"end":{"line":13,"column":18}},"loc":{"start":{"line":13,"column":18},"end":{"line":45,"column":5}},"line":13},"2":{"name":"(anonymous_2)","decl":{"start":{"line":14,"column":31},"end":{"line":14,"column":32}},"loc":{"start":{"line":14,"column":54},"end":{"line":27,"column":null}},"line":14},"3":{"name":"(anonymous_3)","decl":{"start":{"line":29,"column":25},"end":{"line":29,"column":26}},"loc":{"start":{"line":29,"column":51},"end":{"line":34,"column":null}},"line":29},"4":{"name":"(anonymous_4)","decl":{"start":{"line":41,"column":11},"end":{"line":41,"column":17}},"loc":{"start":{"line":41,"column":17},"end":{"line":44,"column":null}},"line":41},"5":{"name":"(anonymous_5)","decl":{"start":{"line":47,"column":25},"end":{"line":47,"column":31}},"loc":{"start":{"line":47,"column":31},"end":{"line":49,"column":null}},"line":47},"6":{"name":"(anonymous_6)","decl":{"start":{"line":51,"column":29},"end":{"line":51,"column":35}},"loc":{"start":{"line":51,"column":35},"end":{"line":53,"column":null}},"line":51}},"branchMap":{"0":{"loc":{"start":{"line":15,"column":6},"end":{"line":20,"column":null}},"type":"if","locations":[{"start":{"line":15,"column":6},"end":{"line":20,"column":null}},{"start":{},"end":{}}],"line":15},"1":{"loc":{"start":{"line":16,"column":8},"end":{"line":17,"column":null}},"type":"binary-expr","locations":[{"start":{"line":16,"column":8},"end":{"line":16,"column":null}},{"start":{"line":17,"column":8},"end":{"line":17,"column":null}}],"line":16},"2":{"loc":{"start":{"line":21,"column":6},"end":{"line":26,"column":null}},"type":"if","locations":[{"start":{"line":21,"column":6},"end":{"line":26,"column":null}},{"start":{},"end":{}}],"line":21},"3":{"loc":{"start":{"line":22,"column":8},"end":{"line":23,"column":null}},"type":"binary-expr","locations":[{"start":{"line":22,"column":8},"end":{"line":22,"column":null}},{"start":{"line":23,"column":8},"end":{"line":23,"column":null}}],"line":22},"4":{"loc":{"start":{"line":30,"column":6},"end":{"line":33,"column":null}},"type":"if","locations":[{"start":{"line":30,"column":6},"end":{"line":33,"column":null}},{"start":{},"end":{}}],"line":30},"5":{"loc":{"start":{"line":36,"column":4},"end":{"line":39,"column":null}},"type":"if","locations":[{"start":{"line":36,"column":4},"end":{"line":39,"column":null}},{"start":{},"end":{}}],"line":36},"6":{"loc":{"start":{"line":36,"column":8},"end":{"line":36,"column":46}},"type":"binary-expr","locations":[{"start":{"line":36,"column":8},"end":{"line":36,"column":26}},{"start":{"line":36,"column":26},"end":{"line":36,"column":46}}],"line":36},"7":{"loc":{"start":{"line":87,"column":16},"end":{"line":87,"column":null}},"type":"cond-expr","locations":[{"start":{"line":87,"column":37},"end":{"line":87,"column":58}},{"start":{"line":87,"column":58},"end":{"line":87,"column":null}}],"line":87},"8":{"loc":{"start":{"line":94,"column":15},"end":{"line":112,"column":null}},"type":"binary-expr","locations":[{"start":{"line":94,"column":15},"end":{"line":94,"column":null}},{"start":{"line":95,"column":16},"end":{"line":112,"column":null}}],"line":94},"9":{"loc":{"start":{"line":115,"column":13},"end":{"line":406,"column":null}},"type":"binary-expr","locations":[{"start":{"line":115,"column":13},"end":{"line":115,"column":null}},{"start":{"line":116,"column":14},"end":{"line":406,"column":null}}],"line":115},"10":{"loc":{"start":{"line":460,"column":15},"end":{"line":472,"column":null}},"type":"cond-expr","locations":[{"start":{"line":461,"column":16},"end":{"line":461,"column":null}},{"start":{"line":462,"column":18},"end":{"line":472,"column":null}}],"line":460},"11":{"loc":{"start":{"line":462,"column":18},"end":{"line":472,"column":null}},"type":"cond-expr","locations":[{"start":{"line":463,"column":16},"end":{"line":463,"column":null}},{"start":{"line":465,"column":16},"end":{"line":472,"column":null}}],"line":462},"12":{"loc":{"start":{"line":467,"column":21},"end":{"line":470,"column":null}},"type":"cond-expr","locations":[{"start":{"line":468,"column":24},"end":{"line":469,"column":null}},{"start":{"line":470,"column":24},"end":{"line":470,"column":null}}],"line":467},"13":{"loc":{"start":{"line":504,"column":13},"end":{"line":677,"column":null}},"type":"binary-expr","locations":[{"start":{"line":504,"column":13},"end":{"line":504,"column":null}},{"start":{"line":505,"column":14},"end":{"line":677,"column":null}}],"line":504},"14":{"loc":{"start":{"line":512,"column":21},"end":{"line":515,"column":null}},"type":"cond-expr","locations":[{"start":{"line":513,"column":24},"end":{"line":514,"column":null}},{"start":{"line":515,"column":24},"end":{"line":515,"column":null}}],"line":512},"15":{"loc":{"start":{"line":519,"column":23},"end":{"line":519,"column":null}},"type":"cond-expr","locations":[{"start":{"line":519,"column":30},"end":{"line":519,"column":71}},{"start":{"line":519,"column":71},"end":{"line":519,"column":null}}],"line":519},"16":{"loc":{"start":{"line":522,"column":23},"end":{"line":522,"column":null}},"type":"cond-expr","locations":[{"start":{"line":522,"column":30},"end":{"line":522,"column":43}},{"start":{"line":522,"column":43},"end":{"line":522,"column":null}}],"line":522}},"s":{"0":2,"1":48,"2":48,"3":48,"4":48,"5":48,"6":48,"7":48,"8":2,"9":2,"10":2,"11":2,"12":48,"13":2,"14":2,"15":2,"16":48,"17":12,"18":12,"19":48,"20":48,"21":48,"22":48,"23":7,"24":48,"25":7,"26":48},"f":{"0":48,"1":48,"2":2,"3":2,"4":48,"5":7,"6":7},"b":{"0":[2,0],"1":[2,2],"2":[2,0],"3":[2,2],"4":[2,0],"5":[12,36],"6":[48,42],"7":[6,42],"8":[48,6],"9":[48,6],"10":[1,47],"11":[1,46],"12":[46,0],"13":[48,6],"14":[6,0],"15":[6,0],"16":[6,0]},"meta":{"lastBranch":17,"lastFunction":7,"lastStatement":27,"seen":{"s:6:32:684:Infinity":0,"f:6:32:6:38":0,"s:7:37:7:Infinity":1,"s:8:42:8:Infinity":2,"s:9:50:9:Infinity":3,"s:10:8:10:Infinity":4,"s:11:8:11:Infinity":5,"s:13:2:45:Infinity":6,"f:13:12:13:18":1,"s:14:31:27:Infinity":7,"f:14:31:14:32":2,"b:15:6:20:Infinity:undefined:undefined:undefined:undefined":0,"s:15:6:20:Infinity":8,"b:16:8:16:Infinity:17:8:17:Infinity":1,"s:19:8:19:Infinity":9,"b:21:6:26:Infinity:undefined:undefined:undefined:undefined":2,"s:21:6:26:Infinity":10,"b:22:8:22:Infinity:23:8:23:Infinity":3,"s:25:8:25:Infinity":11,"s:29:25:34:Infinity":12,"f:29:25:29:26":3,"b:30:6:33:Infinity:undefined:undefined:undefined:undefined":4,"s:30:6:33:Infinity":13,"s:31:8:31:Infinity":14,"s:32:8:32:Infinity":15,"b:36:4:39:Infinity:undefined:undefined:undefined:undefined":5,"s:36:4:39:Infinity":16,"b:36:8:36:26:36:26:36:46":6,"s:37:6:37:Infinity":17,"s:38:6:38:Infinity":18,"s:41:4:44:Infinity":19,"f:41:11:41:17":4,"s:42:6:42:Infinity":20,"s:43:6:43:Infinity":21,"s:47:25:49:Infinity":22,"f:47:25:47:31":5,"s:48:4:48:Infinity":23,"s:51:29:53:Infinity":24,"f:51:29:51:35":6,"s:52:4:52:Infinity":25,"s:55:2:682:Infinity":26,"b:87:37:87:58:87:58:87:Infinity":7,"b:94:15:94:Infinity:95:16:112:Infinity":8,"b:115:13:115:Infinity:116:14:406:Infinity":9,"b:461:16:461:Infinity:462:18:472:Infinity":10,"b:463:16:463:Infinity:465:16:472:Infinity":11,"b:468:24:469:Infinity:470:24:470:Infinity":12,"b:504:13:504:Infinity:505:14:677:Infinity":13,"b:513:24:514:Infinity:515:24:515:Infinity":14,"b:519:30:519:71:519:71:519:Infinity":15,"b:522:30:522:43:522:43:522:Infinity":16}}}
,"/Users/modurotoluolokode/code/src/github.com/durotolu/dashboard-mainstack/src/components/RevenueChart.css": {"path":"/Users/modurotoluolokode/code/src/github.com/durotolu/dashboard-mainstack/src/components/RevenueChart.css","statementMap":{},"fnMap":{},"branchMap":{},"s":{},"f":{},"b":{},"meta":{"lastBranch":0,"lastFunction":0,"lastStatement":0,"seen":{}}}
,"/Users/modurotoluolokode/code/src/github.com/durotolu/dashboard-mainstack/src/components/RevenueChart.tsx": {"path":"/Users/modurotoluolokode/code/src/github.com/durotolu/dashboard-mainstack/src/components/RevenueChart.tsx","statementMap":{"0":{"start":{"line":15,"column":24},"end":{"line":21,"column":null}},"1":{"start":{"line":16,"column":2},"end":{"line":20,"column":null}},"2":{"start":{"line":17,"column":4},"end":{"line":17,"column":null}},"3":{"start":{"line":19,"column":4},"end":{"line":19,"column":null}},"4":{"start":{"line":23,"column":24},"end":{"line":29,"column":null}},"5":{"start":{"line":24,"column":2},"end":{"line":28,"column":null}},"6":{"start":{"line":25,"column":4},"end":{"line":25,"column":null}},"7":{"start":{"line":27,"column":4},"end":{"line":27,"column":null}},"8":{"start":{"line":31,"column":38},"end":{"line":146,"column":null}},"9":{"start":{"line":32,"column":45},"end":{"line":32,"column":null}},"10":{"start":{"line":34,"column":8},"end":{"line":63,"column":null}},"11":{"start":{"line":35,"column":4},"end":{"line":35,"column":null}},"12":{"start":{"line":35,"column":52},"end":{"line":35,"column":null}},"13":{"start":{"line":38,"column":32},"end":{"line":42,"column":null}},"14":{"start":{"line":40,"column":8},"end":{"line":41,"column":null}},"15":{"start":{"line":44,"column":4},"end":{"line":44,"column":null}},"16":{"start":{"line":44,"column":42},"end":{"line":44,"column":null}},"17":{"start":{"line":47,"column":25},"end":{"line":51,"column":null}},"18":{"start":{"line":48,"column":22},"end":{"line":48,"column":null}},"19":{"start":{"line":49,"column":6},"end":{"line":49,"column":null}},"20":{"start":{"line":50,"column":6},"end":{"line":50,"column":null}},"21":{"start":{"line":54,"column":42},"end":{"line":60,"column":null}},"22":{"start":{"line":55,"column":35},"end":{"line":59,"column":8}},"23":{"start":{"line":60,"column":22},"end":{"line":60,"column":73}},"24":{"start":{"line":62,"column":4},"end":{"line":62,"column":null}},"25":{"start":{"line":65,"column":8},"end":{"line":73,"column":null}},"26":{"start":{"line":66,"column":4},"end":{"line":66,"column":null}},"27":{"start":{"line":66,"column":32},"end":{"line":66,"column":null}},"28":{"start":{"line":68,"column":24},"end":{"line":68,"column":null}},"29":{"start":{"line":68,"column":47},"end":{"line":68,"column":65}},"30":{"start":{"line":68,"column":82},"end":{"line":68,"column":107}},"31":{"start":{"line":69,"column":4},"end":{"line":72,"column":null}},"32":{"start":{"line":75,"column":2},"end":{"line":83,"column":null}},"33":{"start":{"line":76,"column":4},"end":{"line":81,"column":null}},"34":{"start":{"line":85,"column":2},"end":{"line":95,"column":null}},"35":{"start":{"line":86,"column":4},"end":{"line":93,"column":null}},"36":{"start":{"line":97,"column":2},"end":{"line":107,"column":null}},"37":{"start":{"line":98,"column":4},"end":{"line":105,"column":null}},"38":{"start":{"line":109,"column":2},"end":{"line":144,"column":null}}},"fnMap":{"0":{"name":"(anonymous_0)","decl":{"start":{"line":15,"column":24},"end":{"line":15,"column":25}},"loc":{"start":{"line":15,"column":56},"end":{"line":21,"column":null}},"line":15},"1":{"name":"(anonymous_1)","decl":{"start":{"line":23,"column":24},"end":{"line":23,"column":25}},"loc":{"start":{"line":23,"column":56},"end":{"line":29,"column":null}},"line":23},"2":{"name":"(anonymous_2)","decl":{"start":{"line":31,"column":38},"end":{"line":31,"column":44}},"loc":{"start":{"line":31,"column":44},"end":{"line":146,"column":null}},"line":31},"3":{"name":"(anonymous_3)","decl":{"start":{"line":34,"column":28},"end":{"line":34,"column":34}},"loc":{"start":{"line":34,"column":34},"end":{"line":63,"column":5}},"line":34},"4":{"name":"(anonymous_4)","decl":{"start":{"line":39,"column":6},"end":{"line":39,"column":7}},"loc":{"start":{"line":40,"column":8},"end":{"line":41,"column":null}},"line":40},"5":{"name":"(anonymous_5)","decl":{"start":{"line":47,"column":52},"end":{"line":47,"column":53}},"loc":{"start":{"line":47,"column":111},"end":{"line":51,"column":7}},"line":47},"6":{"name":"(anonymous_6)","decl":{"start":{"line":55,"column":11},"end":{"line":55,"column":12}},"loc":{"start":{"line":55,"column":35},"end":{"line":59,"column":8}},"line":55},"7":{"name":"(anonymous_7)","decl":{"start":{"line":60,"column":12},"end":{"line":60,"column":13}},"loc":{"start":{"line":60,"column":22},"end":{"line":60,"column":73}},"line":60},"8":{"name":"(anonymous_8)","decl":{"start":{"line":65,"column":28},"end":{"line":65,"column":34}},"loc":{"start":{"line":65,"column":34},"end":{"line":73,"column":5}},"line":65},"9":{"name":"(anonymous_9)","decl":{"start":{"line":68,"column":38},"end":{"line":68,"column":47}},"loc":{"start":{"line":68,"column":47},"end":{"line":68,"column":65}},"line":68},"10":{"name":"(anonymous_10)","decl":{"start":{"line":68,"column":72},"end":{"line":68,"column":73}},"loc":{"start":{"line":68,"column":82},"end":{"line":68,"column":107}},"line":68}},"branchMap":{"0":{"loc":{"start":{"line":35,"column":4},"end":{"line":35,"column":null}},"type":"if","locations":[{"start":{"line":35,"column":4},"end":{"line":35,"column":null}},{"start":{},"end":{}}],"line":35},"1":{"loc":{"start":{"line":35,"column":8},"end":{"line":35,"column":52}},"type":"binary-expr","locations":[{"start":{"line":35,"column":8},"end":{"line":35,"column":25}},{"start":{"line":35,"column":25},"end":{"line":35,"column":52}}],"line":35},"2":{"loc":{"start":{"line":40,"column":8},"end":{"line":41,"column":null}},"type":"binary-expr","locations":[{"start":{"line":40,"column":8},"end":{"line":40,"column":null}},{"start":{"line":41,"column":8},"end":{"line":41,"column":null}}],"line":40},"3":{"loc":{"start":{"line":44,"column":4},"end":{"line":44,"column":null}},"type":"if","locations":[{"start":{"line":44,"column":4},"end":{"line":44,"column":null}},{"start":{},"end":{}}],"line":44},"4":{"loc":{"start":{"line":49,"column":22},"end":{"line":49,"column":43}},"type":"binary-expr","locations":[{"start":{"line":49,"column":22},"end":{"line":49,"column":38}},{"start":{"line":49,"column":38},"end":{"line":49,"column":43}}],"line":49},"5":{"loc":{"start":{"line":66,"column":4},"end":{"line":66,"column":null}},"type":"if","locations":[{"start":{"line":66,"column":4},"end":{"line":66,"column":null}},{"start":{},"end":{}}],"line":66},"6":{"loc":{"start":{"line":75,"column":2},"end":{"line":83,"column":null}},"type":"if","locations":[{"start":{"line":75,"column":2},"end":{"line":83,"column":null}},{"start":{},"end":{}}],"line":75},"7":{"loc":{"start":{"line":85,"column":2},"end":{"line":95,"column":null}},"type":"if","locations":[{"start":{"line":85,"column":2},"end":{"line":95,"column":null}},{"start":{},"end":{}}],"line":85},"8":{"loc":{"start":{"line":97,"column":2},"end":{"line":107,"column":null}},"type":"if","locations":[{"start":{"line":97,"column":2},"end":{"line":107,"column":null}},{"start":{},"end":{}}],"line":97}},"s":{"0":1,"1":7,"2":7,"3":0,"4":1,"5":6,"6":6,"7":0,"8":1,"9":7,"10":7,"11":7,"12":3,"13":4,"14":15,"15":4,"16":1,"17":3,"18":9,"19":9,"20":9,"21":3,"22":7,"23":6,"24":3,"25":7,"26":7,"27":4,"28":3,"29":7,"30":4,"31":3,"32":7,"33":1,"34":6,"35":1,"36":5,"37":2,"38":3},"f":{"0":7,"1":6,"2":7,"3":7,"4":15,"5":9,"6":7,"7":6,"8":7,"9":7,"10":4},"b":{"0":[3,4],"1":[7,5],"2":[15,12],"3":[1,3],"4":[9,7],"5":[4,3],"6":[1,6],"7":[1,5],"8":[2,3]},"meta":{"lastBranch":9,"lastFunction":11,"lastStatement":39,"seen":{"s:15:24:21:Infinity":0,"f:15:24:15:25":0,"s:16:2:20:Infinity":1,"s:17:4:17:Infinity":2,"s:19:4:19:Infinity":3,"s:23:24:29:Infinity":4,"f:23:24:23:25":1,"s:24:2:28:Infinity":5,"s:25:4:25:Infinity":6,"s:27:4:27:Infinity":7,"s:31:38:146:Infinity":8,"f:31:38:31:44":2,"s:32:45:32:Infinity":9,"s:34:8:63:Infinity":10,"f:34:28:34:34":3,"b:35:4:35:Infinity:undefined:undefined:undefined:undefined":0,"s:35:4:35:Infinity":11,"b:35:8:35:25:35:25:35:52":1,"s:35:52:35:Infinity":12,"s:38:32:42:Infinity":13,"f:39:6:39:7":4,"s:40:8:41:Infinity":14,"b:40:8:40:Infinity:41:8:41:Infinity":2,"b:44:4:44:Infinity:undefined:undefined:undefined:undefined":3,"s:44:4:44:Infinity":15,"s:44:42:44:Infinity":16,"s:47:25:51:Infinity":17,"f:47:52:47:53":5,"s:48:22:48:Infinity":18,"s:49:6:49:Infinity":19,"b:49:22:49:38:49:38:49:43":4,"s:50:6:50:Infinity":20,"s:54:42:60:Infinity":21,"f:55:11:55:12":6,"s:55:35:59:8":22,"f:60:12:60:13":7,"s:60:22:60:73":23,"s:62:4:62:Infinity":24,"s:65:8:73:Infinity":25,"f:65:28:65:34":8,"b:66:4:66:Infinity:undefined:undefined:undefined:undefined":5,"s:66:4:66:Infinity":26,"s:66:32:66:Infinity":27,"s:68:24:68:Infinity":28,"f:68:38:68:47":9,"s:68:47:68:65":29,"f:68:72:68:73":10,"s:68:82:68:107":30,"s:69:4:72:Infinity":31,"b:75:2:83:Infinity:undefined:undefined:undefined:undefined":6,"s:75:2:83:Infinity":32,"s:76:4:81:Infinity":33,"b:85:2:95:Infinity:undefined:undefined:undefined:undefined":7,"s:85:2:95:Infinity":34,"s:86:4:93:Infinity":35,"b:97:2:107:Infinity:undefined:undefined:undefined:undefined":8,"s:97:2:107:Infinity":36,"s:98:4:105:Infinity":37,"s:109:2:144:Infinity":38}}}
,"/Users/modurotoluolokode/code/src/github.com/durotolu/dashboard-mainstack/src/components/TransactionList.css": {"path":"/Users/modurotoluolokode/code/src/github.com/durotolu/dashboard-mainstack/src/components/TransactionList.css","statementMap":{},"fnMap":{},"branchMap":{},"s":{},"f":{},"b":{},"meta":{"lastBranch":0,"lastFunction":0,"lastStatement":0,"seen":{}}}
,"/Users/modurotoluolokode/code/src/github.com/durotolu/dashboard-mainstack/src/components/TransactionList.tsx": {"path":"/Users/modurotoluolokode/code/src/github.com/durotolu/dashboard-mainstack/src/components/TransactionList.tsx","statementMap":{"0":{"start":{"line":10,"column":23},"end":{"line":20,"column":null}},"1":{"start":{"line":11,"column":22},"end":{"line":11,"column":null}},"2":{"start":{"line":13,"column":2},"end":{"line":19,"column":null}},"3":{"start":{"line":22,"column":19},"end":{"line":28,"column":null}},"4":{"start":{"line":23,"column":2},"end":{"line":27,"column":null}},"5":{"start":{"line":24,"column":4},"end":{"line":24,"column":null}},"6":{"start":{"line":26,"column":4},"end":{"line":26,"column":null}},"7":{"start":{"line":30,"column":27},"end":{"line":92,"column":null}},"8":{"start":{"line":31,"column":2},"end":{"line":61,"column":null}},"9":{"start":{"line":32,"column":4},"end":{"line":59,"column":null}},"10":{"start":{"line":63,"column":2},"end":{"line":90,"column":null}},"11":{"start":{"line":94,"column":23},"end":{"line":97,"column":null}},"12":{"start":{"line":95,"column":22},"end":{"line":95,"column":null}},"13":{"start":{"line":96,"column":2},"end":{"line":96,"column":null}},"14":{"start":{"line":99,"column":41},"end":{"line":361,"column":null}},"15":{"start":{"line":100,"column":45},"end":{"line":100,"column":null}},"16":{"start":{"line":101,"column":38},"end":{"line":101,"column":null}},"17":{"start":{"line":102,"column":28},"end":{"line":113,"column":null}},"18":{"start":{"line":115,"column":8},"end":{"line":144,"column":null}},"19":{"start":{"line":116,"column":4},"end":{"line":116,"column":null}},"20":{"start":{"line":116,"column":23},"end":{"line":116,"column":null}},"21":{"start":{"line":118,"column":4},"end":{"line":143,"column":null}},"22":{"start":{"line":120,"column":6},"end":{"line":129,"column":null}},"23":{"start":{"line":121,"column":32},"end":{"line":121,"column":null}},"24":{"start":{"line":122,"column":8},"end":{"line":126,"column":null}},"25":{"start":{"line":126,"column":10},"end":{"line":126,"column":null}},"26":{"start":{"line":127,"column":8},"end":{"line":128,"column":null}},"27":{"start":{"line":128,"column":10},"end":{"line":128,"column":null}},"28":{"start":{"line":132,"column":6},"end":{"line":135,"column":null}},"29":{"start":{"line":133,"column":32},"end":{"line":133,"column":null}},"30":{"start":{"line":134,"column":8},"end":{"line":134,"column":null}},"31":{"start":{"line":134,"column":116},"end":{"line":134,"column":null}},"32":{"start":{"line":138,"column":6},"end":{"line":140,"column":null}},"33":{"start":{"line":139,"column":8},"end":{"line":139,"column":null}},"34":{"start":{"line":139,"column":125},"end":{"line":139,"column":null}},"35":{"start":{"line":142,"column":6},"end":{"line":142,"column":null}},"36":{"start":{"line":146,"column":8},"end":{"line":153,"column":null}},"37":{"start":{"line":147,"column":4},"end":{"line":151,"column":null}},"38":{"start":{"line":155,"column":2},"end":{"line":161,"column":null}},"39":{"start":{"line":156,"column":4},"end":{"line":159,"column":null}},"40":{"start":{"line":163,"column":2},"end":{"line":171,"column":null}},"41":{"start":{"line":164,"column":4},"end":{"line":169,"column":null}},"42":{"start":{"line":173,"column":2},"end":{"line":359,"column":null}},"43":{"start":{"line":183,"column":27},"end":{"line":183,"column":null}},"44":{"start":{"line":307,"column":16},"end":{"line":311,"column":null}},"45":{"start":{"line":321,"column":12},"end":{"line":348,"column":null}},"46":{"start":{"line":355,"column":23},"end":{"line":355,"column":null}}},"fnMap":{"0":{"name":"(anonymous_0)","decl":{"start":{"line":10,"column":23},"end":{"line":10,"column":24}},"loc":{"start":{"line":10,"column":51},"end":{"line":20,"column":null}},"line":10},"1":{"name":"(anonymous_1)","decl":{"start":{"line":22,"column":19},"end":{"line":22,"column":20}},"loc":{"start":{"line":22,"column":51},"end":{"line":28,"column":null}},"line":22},"2":{"name":"(anonymous_2)","decl":{"start":{"line":30,"column":27},"end":{"line":30,"column":28}},"loc":{"start":{"line":30,"column":57},"end":{"line":92,"column":null}},"line":30},"3":{"name":"(anonymous_3)","decl":{"start":{"line":94,"column":23},"end":{"line":94,"column":24}},"loc":{"start":{"line":94,"column":43},"end":{"line":97,"column":null}},"line":94},"4":{"name":"(anonymous_4)","decl":{"start":{"line":99,"column":41},"end":{"line":99,"column":47}},"loc":{"start":{"line":99,"column":47},"end":{"line":361,"column":null}},"line":99},"5":{"name":"(anonymous_5)","decl":{"start":{"line":115,"column":39},"end":{"line":115,"column":45}},"loc":{"start":{"line":115,"column":45},"end":{"line":144,"column":5}},"line":115},"6":{"name":"(anonymous_6)","decl":{"start":{"line":118,"column":31},"end":{"line":118,"column":32}},"loc":{"start":{"line":118,"column":48},"end":{"line":143,"column":5}},"line":118},"7":{"name":"(anonymous_7)","decl":{"start":{"line":146,"column":35},"end":{"line":146,"column":41}},"loc":{"start":{"line":146,"column":41},"end":{"line":153,"column":5}},"line":146},"8":{"name":"(anonymous_8)","decl":{"start":{"line":183,"column":21},"end":{"line":183,"column":27}},"loc":{"start":{"line":183,"column":27},"end":{"line":183,"column":null}},"line":183},"9":{"name":"(anonymous_9)","decl":{"start":{"line":306,"column":23},"end":{"line":306,"column":null}},"loc":{"start":{"line":307,"column":16},"end":{"line":311,"column":null}},"line":307},"10":{"name":"(anonymous_10)","decl":{"start":{"line":320,"column":36},"end":{"line":320,"column":37}},"loc":{"start":{"line":321,"column":12},"end":{"line":348,"column":null}},"line":321},"11":{"name":"(anonymous_11)","decl":{"start":{"line":355,"column":17},"end":{"line":355,"column":23}},"loc":{"start":{"line":355,"column":23},"end":{"line":355,"column":null}},"line":355}},"branchMap":{"0":{"loc":{"start":{"line":16,"column":27},"end":{"line":16,"column":null}},"type":"cond-expr","locations":[{"start":{"line":16,"column":41},"end":{"line":16,"column":45}},{"start":{"line":16,"column":45},"end":{"line":16,"column":null}}],"line":16},"1":{"loc":{"start":{"line":17,"column":27},"end":{"line":17,"column":null}},"type":"cond-expr","locations":[{"start":{"line":17,"column":41},"end":{"line":17,"column":45}},{"start":{"line":17,"column":45},"end":{"line":17,"column":null}}],"line":17},"2":{"loc":{"start":{"line":31,"column":2},"end":{"line":61,"column":null}},"type":"if","locations":[{"start":{"line":31,"column":2},"end":{"line":61,"column":null}},{"start":{},"end":{}}],"line":31},"3":{"loc":{"start":{"line":116,"column":4},"end":{"line":116,"column":null}},"type":"if","locations":[{"start":{"line":116,"column":4},"end":{"line":116,"column":null}},{"start":{},"end":{}}],"line":116},"4":{"loc":{"start":{"line":120,"column":6},"end":{"line":129,"column":null}},"type":"if","locations":[{"start":{"line":120,"column":6},"end":{"line":129,"column":null}},{"start":{},"end":{}}],"line":120},"5":{"loc":{"start":{"line":120,"column":10},"end":{"line":120,"column":60}},"type":"binary-expr","locations":[{"start":{"line":120,"column":10},"end":{"line":120,"column":37}},{"start":{"line":120,"column":37},"end":{"line":120,"column":60}}],"line":120},"6":{"loc":{"start":{"line":122,"column":8},"end":{"line":126,"column":null}},"type":"if","locations":[{"start":{"line":122,"column":8},"end":{"line":126,"column":null}},{"start":{},"end":{}}],"line":122},"7":{"loc":{"start":{"line":123,"column":10},"end":{"line":124,"column":null}},"type":"binary-expr","locations":[{"start":{"line":123,"column":10},"end":{"line":123,"column":null}},{"start":{"line":124,"column":10},"end":{"line":124,"column":null}}],"line":123},"8":{"loc":{"start":{"line":127,"column":8},"end":{"line":128,"column":null}},"type":"if","locations":[{"start":{"line":127,"column":8},"end":{"line":128,"column":null}},{"start":{},"end":{}}],"line":127},"9":{"loc":{"start":{"line":127,"column":12},"end":{"line":127,"column":null}},"type":"binary-expr","locations":[{"start":{"line":127,"column":12},"end":{"line":127,"column":37}},{"start":{"line":127,"column":37},"end":{"line":127,"column":null}}],"line":127},"10":{"loc":{"start":{"line":132,"column":6},"end":{"line":135,"column":null}},"type":"if","locations":[{"start":{"line":132,"column":6},"end":{"line":135,"column":null}},{"start":{},"end":{}}],"line":132},"11":{"loc":{"start":{"line":134,"column":8},"end":{"line":134,"column":null}},"type":"if","locations":[{"start":{"line":134,"column":8},"end":{"line":134,"column":null}},{"start":{},"end":{}}],"line":134},"12":{"loc":{"start":{"line":138,"column":6},"end":{"line":140,"column":null}},"type":"if","locations":[{"start":{"line":138,"column":6},"end":{"line":140,"column":null}},{"start":{},"end":{}}],"line":138},"13":{"loc":{"start":{"line":139,"column":8},"end":{"line":139,"column":null}},"type":"if","locations":[{"start":{"line":139,"column":8},"end":{"line":139,"column":null}},{"start":{},"end":{}}],"line":139},"14":{"loc":{"start":{"line":148,"column":6},"end":{"line":151,"column":null}},"type":"binary-expr","locations":[{"start":{"line":148,"column":6},"end":{"line":148,"column":null}},{"start":{"line":149,"column":6},"end":{"line":149,"column":null}},{"start":{"line":150,"column":6},"end":{"line":150,"column":null}},{"start":{"line":151,"column":6},"end":{"line":151,"column":null}}],"line":148},"15":{"loc":{"start":{"line":155,"column":2},"end":{"line":161,"column":null}},"type":"if","locations":[{"start":{"line":155,"column":2},"end":{"line":161,"column":null}},{"start":{},"end":{}}],"line":155},"16":{"loc":{"start":{"line":163,"column":2},"end":{"line":171,"column":null}},"type":"if","locations":[{"start":{"line":163,"column":2},"end":{"line":171,"column":null}},{"start":{},"end":{}}],"line":163},"17":{"loc":{"start":{"line":184,"column":23},"end":{"line":184,"column":null}},"type":"cond-expr","locations":[{"start":{"line":184,"column":42},"end":{"line":184,"column":60}},{"start":{"line":184,"column":60},"end":{"line":184,"column":null}}],"line":184},"18":{"loc":{"start":{"line":211,"column":13},"end":{"line":211,"column":null}},"type":"binary-expr","locations":[{"start":{"line":211,"column":13},"end":{"line":211,"column":33}},{"start":{"line":211,"column":33},"end":{"line":211,"column":null}}],"line":211},"19":{"loc":{"start":{"line":243,"column":7},"end":{"line":350,"column":null}},"type":"cond-expr","locations":[{"start":{"line":244,"column":8},"end":{"line":317,"column":null}},{"start":{"line":319,"column":8},"end":{"line":350,"column":null}}],"line":243},"20":{"loc":{"start":{"line":303,"column":11},"end":{"line":315,"column":null}},"type":"binary-expr","locations":[{"start":{"line":303,"column":11},"end":{"line":303,"column":null}},{"start":{"line":304,"column":12},"end":{"line":315,"column":null}}],"line":303},"21":{"loc":{"start":{"line":329,"column":21},"end":{"line":332,"column":null}},"type":"binary-expr","locations":[{"start":{"line":329,"column":21},"end":{"line":329,"column":null}},{"start":{"line":330,"column":23},"end":{"line":332,"column":null}}],"line":329},"22":{"loc":{"start":{"line":330,"column":23},"end":{"line":332,"column":null}},"type":"cond-expr","locations":[{"start":{"line":331,"column":26},"end":{"line":331,"column":null}},{"start":{"line":332,"column":26},"end":{"line":332,"column":null}}],"line":330},"23":{"loc":{"start":{"line":335,"column":21},"end":{"line":336,"column":null}},"type":"binary-expr","locations":[{"start":{"line":335,"column":21},"end":{"line":335,"column":null}},{"start":{"line":336,"column":22},"end":{"line":336,"column":null}}],"line":335},"24":{"loc":{"start":{"line":322,"column":19},"end":{"line":322,"column":null}},"type":"binary-expr","locations":[{"start":{"line":322,"column":19},"end":{"line":322,"column":52}},{"start":{"line":322,"column":52},"end":{"line":322,"column":null}}],"line":322}},"s":{"0":2,"1":24,"2":24,"3":2,"4":24,"5":24,"6":0,"7":2,"8":24,"9":24,"10":0,"11":2,"12":24,"13":24,"14":2,"15":29,"16":29,"17":29,"18":29,"19":26,"20":4,"21":22,"22":21,"23":0,"24":0,"25":0,"26":0,"27":0,"28":21,"29":21,"30":21,"31":0,"32":21,"33":21,"34":0,"35":21,"36":29,"37":26,"38":29,"39":2,"40":27,"41":2,"42":25,"43":2,"44":0,"45":24,"46":1},"f":{"0":24,"1":24,"2":24,"3":24,"4":29,"5":26,"6":21,"7":26,"8":2,"9":0,"10":24,"11":1},"b":{"0":[0,24],"1":[0,24],"2":[24,0],"3":[4,22],"4":[0,21],"5":[21,21],"6":[0,0],"7":[0,0],"8":[0,0],"9":[0,0],"10":[21,0],"11":[0,21],"12":[21,0],"13":[0,21],"14":[26,26,26,0],"15":[2,27],"16":[2,25],"17":[25,0],"18":[29,25],"19":[1,24],"20":[1,1],"21":[24,24],"22":[24,0],"23":[24,24],"24":[24,0]},"meta":{"lastBranch":25,"lastFunction":12,"lastStatement":47,"seen":{"s:10:23:20:Infinity":0,"f:10:23:10:24":0,"s:11:22:11:Infinity":1,"s:13:2:19:Infinity":2,"b:16:41:16:45:16:45:16:Infinity":0,"b:17:41:17:45:17:45:17:Infinity":1,"s:22:19:28:Infinity":3,"f:22:19:22:20":1,"s:23:2:27:Infinity":4,"s:24:4:24:Infinity":5,"s:26:4:26:Infinity":6,"s:30:27:92:Infinity":7,"f:30:27:30:28":2,"b:31:2:61:Infinity:undefined:undefined:undefined:undefined":2,"s:31:2:61:Infinity":8,"s:32:4:59:Infinity":9,"s:63:2:90:Infinity":10,"s:94:23:97:Infinity":11,"f:94:23:94:24":3,"s:95:22:95:Infinity":12,"s:96:2:96:Infinity":13,"s:99:41:361:Infinity":14,"f:99:41:99:47":4,"s:100:45:100:Infinity":15,"s:101:38:101:Infinity":16,"s:102:28:113:Infinity":17,"s:115:8:144:Infinity":18,"f:115:39:115:45":5,"b:116:4:116:Infinity:undefined:undefined:undefined:undefined":3,"s:116:4:116:Infinity":19,"s:116:23:116:Infinity":20,"s:118:4:143:Infinity":21,"f:118:31:118:32":6,"b:120:6:129:Infinity:undefined:undefined:undefined:undefined":4,"s:120:6:129:Infinity":22,"b:120:10:120:37:120:37:120:60":5,"s:121:32:121:Infinity":23,"b:122:8:126:Infinity:undefined:undefined:undefined:undefined":6,"s:122:8:126:Infinity":24,"b:123:10:123:Infinity:124:10:124:Infinity":7,"s:126:10:126:Infinity":25,"b:127:8:128:Infinity:undefined:undefined:undefined:undefined":8,"s:127:8:128:Infinity":26,"b:127:12:127:37:127:37:127:Infinity":9,"s:128:10:128:Infinity":27,"b:132:6:135:Infinity:undefined:undefined:undefined:undefined":10,"s:132:6:135:Infinity":28,"s:133:32:133:Infinity":29,"b:134:8:134:Infinity:undefined:undefined:undefined:undefined":11,"s:134:8:134:Infinity":30,"s:134:116:134:Infinity":31,"b:138:6:140:Infinity:undefined:undefined:undefined:undefined":12,"s:138:6:140:Infinity":32,"b:139:8:139:Infinity:undefined:undefined:undefined:undefined":13,"s:139:8:139:Infinity":33,"s:139:125:139:Infinity":34,"s:142:6:142:Infinity":35,"s:146:8:153:Infinity":36,"f:146:35:146:41":7,"s:147:4:151:Infinity":37,"b:148:6:148:Infinity:149:6:149:Infinity:150:6:150:Infinity:151:6:151:Infinity":14,"b:155:2:161:Infinity:undefined:undefined:undefined:undefined":15,"s:155:2:161:Infinity":38,"s:156:4:159:Infinity":39,"b:163:2:171:Infinity:undefined:undefined:undefined:undefined":16,"s:163:2:171:Infinity":40,"s:164:4:169:Infinity":41,"s:173:2:359:Infinity":42,"f:183:21:183:27":8,"s:183:27:183:Infinity":43,"b:184:42:184:60:184:60:184:Infinity":17,"b:211:13:211:33:211:33:211:Infinity":18,"b:244:8:317:Infinity:319:8:350:Infinity":19,"b:303:11:303:Infinity:304:12:315:Infinity":20,"f:306:23:306:Infinity":9,"s:307:16:311:Infinity":44,"f:320:36:320:37":10,"s:321:12:348:Infinity":45,"b:329:21:329:Infinity:330:23:332:Infinity":21,"b:331:26:331:Infinity:332:26:332:Infinity":22,"b:335:21:335:Infinity:336:22:336:Infinity":23,"b:322:19:322:52:322:52:322:Infinity":24,"f:355:17:355:23":11,"s:355:23:355:Infinity":46}}}
,"/Users/modurotoluolokode/code/src/github.com/durotolu/dashboard-mainstack/src/components/WalletSummary.css": {"path":"/Users/modurotoluolokode/code/src/github.com/durotolu/dashboard-mainstack/src/components/WalletSummary.css","statementMap":{},"fnMap":{},"branchMap":{},"s":{},"f":{},"b":{},"meta":{"lastBranch":0,"lastFunction":0,"lastStatement":0,"seen":{}}}
,"/Users/modurotoluolokode/code/src/github.com/durotolu/dashboard-mainstack/src/components/WalletSummary.tsx": {"path":"/Users/modurotoluolokode/code/src/github.com/durotolu/dashboard-mainstack/src/components/WalletSummary.tsx","statementMap":{"0":{"start":{"line":8,"column":23},"end":{"line":15,"column":null}},"1":{"start":{"line":9,"column":2},"end":{"line":14,"column":null}},"2":{"start":{"line":17,"column":39},"end":{"line":132,"column":null}},"3":{"start":{"line":18,"column":39},"end":{"line":18,"column":null}},"4":{"start":{"line":20,"column":2},"end":{"line":26,"column":null}},"5":{"start":{"line":21,"column":4},"end":{"line":24,"column":null}},"6":{"start":{"line":28,"column":2},"end":{"line":36,"column":null}},"7":{"start":{"line":29,"column":4},"end":{"line":34,"column":null}},"8":{"start":{"line":38,"column":2},"end":{"line":40,"column":null}},"9":{"start":{"line":39,"column":4},"end":{"line":39,"column":null}},"10":{"start":{"line":42,"column":2},"end":{"line":130,"column":null}}},"fnMap":{"0":{"name":"(anonymous_0)","decl":{"start":{"line":8,"column":23},"end":{"line":8,"column":24}},"loc":{"start":{"line":8,"column":51},"end":{"line":15,"column":null}},"line":8},"1":{"name":"(anonymous_1)","decl":{"start":{"line":17,"column":39},"end":{"line":17,"column":45}},"loc":{"start":{"line":17,"column":45},"end":{"line":132,"column":null}},"line":17}},"branchMap":{"0":{"loc":{"start":{"line":20,"column":2},"end":{"line":26,"column":null}},"type":"if","locations":[{"start":{"line":20,"column":2},"end":{"line":26,"column":null}},{"start":{},"end":{}}],"line":20},"1":{"loc":{"start":{"line":28,"column":2},"end":{"line":36,"column":null}},"type":"if","locations":[{"start":{"line":28,"column":2},"end":{"line":36,"column":null}},{"start":{},"end":{}}],"line":28},"2":{"loc":{"start":{"line":38,"column":2},"end":{"line":40,"column":null}},"type":"if","locations":[{"start":{"line":38,"column":2},"end":{"line":40,"column":null}},{"start":{},"end":{}}],"line":38}},"s":{"0":2,"1":125,"2":2,"3":34,"4":34,"5":4,"6":30,"7":4,"8":26,"9":1,"10":25},"f":{"0":125,"1":34},"b":{"0":[4,30],"1":[4,26],"2":[1,25]},"meta":{"lastBranch":3,"lastFunction":2,"lastStatement":11,"seen":{"s:8:23:15:Infinity":0,"f:8:23:8:24":0,"s:9:2:14:Infinity":1,"s:17:39:132:Infinity":2,"f:17:39:17:45":1,"s:18:39:18:Infinity":3,"b:20:2:26:Infinity:undefined:undefined:undefined:undefined":0,"s:20:2:26:Infinity":4,"s:21:4:24:Infinity":5,"b:28:2:36:Infinity:undefined:undefined:undefined:undefined":1,"s:28:2:36:Infinity":6,"s:29:4:34:Infinity":7,"b:38:2:40:Infinity:undefined:undefined:undefined:undefined":2,"s:38:2:40:Infinity":8,"s:39:4:39:Infinity":9,"s:42:2:130:Infinity":10}}}
,"/Users/modurotoluolokode/code/src/github.com/durotolu/dashboard-mainstack/src/components/ui/Button.css": {"path":"/Users/modurotoluolokode/code/src/github.com/durotolu/dashboard-mainstack/src/components/ui/Button.css","statementMap":{},"fnMap":{},"branchMap":{},"s":{},"f":{},"b":{},"meta":{"lastBranch":0,"lastFunction":0,"lastStatement":0,"seen":{}}}
,"/Users/modurotoluolokode/code/src/github.com/durotolu/dashboard-mainstack/src/components/ui/Button.tsx": {"path":"/Users/modurotoluolokode/code/src/github.com/durotolu/dashboard-mainstack/src/components/ui/Button.tsx","statementMap":{"0":{"start":{"line":10,"column":45},"end":{"line":30,"column":null}},"1":{"start":{"line":17,"column":20},"end":{"line":17,"column":null}},"2":{"start":{"line":18,"column":23},"end":{"line":18,"column":null}},"3":{"start":{"line":19,"column":20},"end":{"line":19,"column":null}},"4":{"start":{"line":21,"column":18},"end":{"line":23,"column":null}},"5":{"start":{"line":25,"column":2},"end":{"line":28,"column":null}}},"fnMap":{"0":{"name":"(anonymous_0)","decl":{"start":{"line":10,"column":45},"end":{"line":10,"column":46}},"loc":{"start":{"line":16,"column":6},"end":{"line":30,"column":null}},"line":16}},"branchMap":{"0":{"loc":{"start":{"line":11,"column":2},"end":{"line":11,"column":null}},"type":"default-arg","locations":[{"start":{"line":11,"column":12},"end":{"line":11,"column":null}}],"line":11},"1":{"loc":{"start":{"line":12,"column":2},"end":{"line":12,"column":null}},"type":"default-arg","locations":[{"start":{"line":12,"column":9},"end":{"line":12,"column":null}}],"line":12},"2":{"loc":{"start":{"line":14,"column":2},"end":{"line":14,"column":null}},"type":"default-arg","locations":[{"start":{"line":14,"column":14},"end":{"line":14,"column":null}}],"line":14}},"s":{"0":5,"1":178,"2":178,"3":178,"4":178,"5":178},"f":{"0":178},"b":{"0":[178],"1":[178],"2":[178]},"meta":{"lastBranch":3,"lastFunction":1,"lastStatement":6,"seen":{"s:10:45:30:Infinity":0,"f:10:45:10:46":0,"b:11:12:11:Infinity":0,"b:12:9:12:Infinity":1,"b:14:14:14:Infinity":2,"s:17:20:17:Infinity":1,"s:18:23:18:Infinity":2,"s:19:20:19:Infinity":3,"s:21:18:23:Infinity":4,"s:25:2:28:Infinity":5}}}
,"/Users/modurotoluolokode/code/src/github.com/durotolu/dashboard-mainstack/src/components/ui/Loading.css": {"path":"/Users/modurotoluolokode/code/src/github.com/durotolu/dashboard-mainstack/src/components/ui/Loading.css","statementMap":{},"fnMap":{},"branchMap":{},"s":{},"f":{},"b":{},"meta":{"lastBranch":0,"lastFunction":0,"lastStatement":0,"seen":{}}}
,"/Users/modurotoluolokode/code/src/github.com/durotolu/dashboard-mainstack/src/components/ui/Loading.tsx": {"path":"/Users/modurotoluolokode/code/src/github.com/durotolu/dashboard-mainstack/src/components/ui/Loading.tsx","statementMap":{"0":{"start":{"line":10,"column":47},"end":{"line":26,"column":null}},"1":{"start":{"line":15,"column":2},"end":{"line":24,"column":null}}},"fnMap":{"0":{"name":"(anonymous_0)","decl":{"start":{"line":10,"column":47},"end":{"line":10,"column":48}},"loc":{"start":{"line":14,"column":6},"end":{"line":26,"column":null}},"line":14}},"branchMap":{"0":{"loc":{"start":{"line":11,"column":2},"end":{"line":11,"column":null}},"type":"default-arg","locations":[{"start":{"line":11,"column":9},"end":{"line":11,"column":null}}],"line":11},"1":{"loc":{"start":{"line":13,"column":2},"end":{"line":13,"column":null}},"type":"default-arg","locations":[{"start":{"line":13,"column":14},"end":{"line":13,"column":null}}],"line":13},"2":{"loc":{"start":{"line":23,"column":7},"end":{"line":23,"column":null}},"type":"binary-expr","locations":[{"start":{"line":23,"column":7},"end":{"line":23,"column":15}},{"start":{"line":23,"column":15},"end":{"line":23,"column":null}}],"line":23}},"s":{"0":6,"1":32},"f":{"0":32},"b":{"0":[32],"1":[32],"2":[32,21]},"meta":{"lastBranch":3,"lastFunction":1,"lastStatement":2,"seen":{"s:10:47:26:Infinity":0,"f:10:47:10:48":0,"b:11:9:11:Infinity":0,"b:13:14:13:Infinity":1,"s:15:2:24:Infinity":1,"b:23:7:23:15:23:15:23:Infinity":2}}}
,"/Users/modurotoluolokode/code/src/github.com/durotolu/dashboard-mainstack/src/components/ui/Modal.css": {"path":"/Users/modurotoluolokode/code/src/github.com/durotolu/dashboard-mainstack/src/components/ui/Modal.css","statementMap":{},"fnMap":{},"branchMap":{},"s":{},"f":{},"b":{},"meta":{"lastBranch":0,"lastFunction":0,"lastStatement":0,"seen":{}}}
,"/Users/modurotoluolokode/code/src/github.com/durotolu/dashboard-mainstack/src/components/ui/Modal.tsx": {"path":"/Users/modurotoluolokode/code/src/github.com/durotolu/dashboard-mainstack/src/components/ui/Modal.tsx","statementMap":{"0":{"start":{"line":13,"column":43},"end":{"line":66,"column":null}},"1":{"start":{"line":20,"column":2},"end":{"line":36,"column":null}},"2":{"start":{"line":21,"column":25},"end":{"line":25,"column":null}},"3":{"start":{"line":22,"column":6},"end":{"line":24,"column":null}},"4":{"start":{"line":23,"column":8},"end":{"line":23,"column":null}},"5":{"start":{"line":27,"column":4},"end":{"line":30,"column":null}},"6":{"start":{"line":28,"column":6},"end":{"line":28,"column":null}},"7":{"start":{"line":29,"column":6},"end":{"line":29,"column":null}},"8":{"start":{"line":32,"column":4},"end":{"line":35,"column":null}},"9":{"start":{"line":33,"column":6},"end":{"line":33,"column":null}},"10":{"start":{"line":34,"column":6},"end":{"line":34,"column":null}},"11":{"start":{"line":38,"column":2},"end":{"line":38,"column":null}},"12":{"start":{"line":38,"column":15},"end":{"line":38,"column":null}},"13":{"start":{"line":40,"column":30},"end":{"line":44,"column":null}},"14":{"start":{"line":41,"column":4},"end":{"line":43,"column":null}},"15":{"start":{"line":42,"column":6},"end":{"line":42,"column":null}},"16":{"start":{"line":46,"column":2},"end":{"line":65,"column":null}}},"fnMap":{"0":{"name":"(anonymous_0)","decl":{"start":{"line":13,"column":43},"end":{"line":13,"column":44}},"loc":{"start":{"line":19,"column":6},"end":{"line":66,"column":null}},"line":19},"1":{"name":"(anonymous_1)","decl":{"start":{"line":20,"column":12},"end":{"line":20,"column":18}},"loc":{"start":{"line":20,"column":18},"end":{"line":36,"column":5}},"line":20},"2":{"name":"(anonymous_2)","decl":{"start":{"line":21,"column":25},"end":{"line":21,"column":26}},"loc":{"start":{"line":21,"column":51},"end":{"line":25,"column":null}},"line":21},"3":{"name":"(anonymous_3)","decl":{"start":{"line":32,"column":11},"end":{"line":32,"column":17}},"loc":{"start":{"line":32,"column":17},"end":{"line":35,"column":null}},"line":32},"4":{"name":"(anonymous_4)","decl":{"start":{"line":40,"column":30},"end":{"line":40,"column":31}},"loc":{"start":{"line":40,"column":59},"end":{"line":44,"column":null}},"line":40}},"branchMap":{"0":{"loc":{"start":{"line":18,"column":2},"end":{"line":18,"column":null}},"type":"default-arg","locations":[{"start":{"line":18,"column":14},"end":{"line":18,"column":null}}],"line":18},"1":{"loc":{"start":{"line":22,"column":6},"end":{"line":24,"column":null}},"type":"if","locations":[{"start":{"line":22,"column":6},"end":{"line":24,"column":null}},{"start":{},"end":{}}],"line":22},"2":{"loc":{"start":{"line":27,"column":4},"end":{"line":30,"column":null}},"type":"if","locations":[{"start":{"line":27,"column":4},"end":{"line":30,"column":null}},{"start":{},"end":{}}],"line":27},"3":{"loc":{"start":{"line":38,"column":2},"end":{"line":38,"column":null}},"type":"if","locations":[{"start":{"line":38,"column":2},"end":{"line":38,"column":null}},{"start":{},"end":{}}],"line":38},"4":{"loc":{"start":{"line":41,"column":4},"end":{"line":43,"column":null}},"type":"if","locations":[{"start":{"line":41,"column":4},"end":{"line":43,"column":null}},{"start":{},"end":{}}],"line":41},"5":{"loc":{"start":{"line":50,"column":11},"end":{"line":50,"column":null}},"type":"binary-expr","locations":[{"start":{"line":50,"column":11},"end":{"line":50,"column":20}},{"start":{"line":50,"column":20},"end":{"line":50,"column":null}}],"line":50}},"s":{"0":1,"1":35,"2":34,"3":5,"4":2,"5":34,"6":28,"7":28,"8":34,"9":34,"10":34,"11":35,"12":6,"13":29,"14":5,"15":1,"16":29},"f":{"0":35,"1":34,"2":5,"3":34,"4":5},"b":{"0":[35],"1":[2,3],"2":[28,6],"3":[6,29],"4":[1,4],"5":[29,6]},"meta":{"lastBranch":6,"lastFunction":5,"lastStatement":17,"seen":{"s:13:43:66:Infinity":0,"f:13:43:13:44":0,"b:18:14:18:Infinity":0,"s:20:2:36:Infinity":1,"f:20:12:20:18":1,"s:21:25:25:Infinity":2,"f:21:25:21:26":2,"b:22:6:24:Infinity:undefined:undefined:undefined:undefined":1,"s:22:6:24:Infinity":3,"s:23:8:23:Infinity":4,"b:27:4:30:Infinity:undefined:undefined:undefined:undefined":2,"s:27:4:30:Infinity":5,"s:28:6:28:Infinity":6,"s:29:6:29:Infinity":7,"s:32:4:35:Infinity":8,"f:32:11:32:17":3,"s:33:6:33:Infinity":9,"s:34:6:34:Infinity":10,"b:38:2:38:Infinity:undefined:undefined:undefined:undefined":3,"s:38:2:38:Infinity":11,"s:38:15:38:Infinity":12,"s:40:30:44:Infinity":13,"f:40:30:40:31":4,"b:41:4:43:Infinity:undefined:undefined:undefined:undefined":4,"s:41:4:43:Infinity":14,"s:42:6:42:Infinity":15,"s:46:2:65:Infinity":16,"b:50:11:50:20:50:20:50:Infinity":5}}}
,"/Users/modurotoluolokode/code/src/github.com/durotolu/dashboard-mainstack/src/hooks/useApi.ts": {"path":"/Users/modurotoluolokode/code/src/github.com/durotolu/dashboard-mainstack/src/hooks/useApi.ts","statementMap":{"0":{"start":{"line":7,"column":22},"end":{"line":7,"column":null}},"1":{"start":{"line":8,"column":28},"end":{"line":11,"column":null}},"2":{"start":{"line":13,"column":20},"end":{"line":25,"column":null}},"3":{"start":{"line":14,"column":4},"end":{"line":24,"column":null}},"4":{"start":{"line":15,"column":6},"end":{"line":15,"column":null}},"5":{"start":{"line":16,"column":21},"end":{"line":16,"column":null}},"6":{"start":{"line":17,"column":6},"end":{"line":17,"column":null}},"7":{"start":{"line":18,"column":6},"end":{"line":18,"column":null}},"8":{"start":{"line":20,"column":6},"end":{"line":23,"column":null}},"9":{"start":{"line":27,"column":2},"end":{"line":29,"column":null}},"10":{"start":{"line":28,"column":4},"end":{"line":28,"column":null}},"11":{"start":{"line":31,"column":2},"end":{"line":36,"column":null}},"12":{"start":{"line":41,"column":2},"end":{"line":41,"column":null}},"13":{"start":{"line":41,"column":32},"end":{"line":41,"column":52}},"14":{"start":{"line":45,"column":2},"end":{"line":45,"column":null}},"15":{"start":{"line":45,"column":34},"end":{"line":45,"column":56}},"16":{"start":{"line":49,"column":2},"end":{"line":49,"column":null}},"17":{"start":{"line":49,"column":41},"end":{"line":49,"column":69}}},"fnMap":{"0":{"name":"useApiCall","decl":{"start":{"line":6,"column":9},"end":{"line":6,"column":23}},"loc":{"start":{"line":6,"column":76},"end":{"line":37,"column":null}},"line":6},"1":{"name":"(anonymous_1)","decl":{"start":{"line":13,"column":20},"end":{"line":13,"column":32}},"loc":{"start":{"line":13,"column":32},"end":{"line":25,"column":null}},"line":13},"2":{"name":"(anonymous_2)","decl":{"start":{"line":27,"column":12},"end":{"line":27,"column":18}},"loc":{"start":{"line":27,"column":18},"end":{"line":29,"column":5}},"line":27},"3":{"name":"useUser","decl":{"start":{"line":40,"column":16},"end":{"line":40,"column":26}},"loc":{"start":{"line":40,"column":26},"end":{"line":42,"column":null}},"line":40},"4":{"name":"(anonymous_4)","decl":{"start":{"line":41,"column":26},"end":{"line":41,"column":32}},"loc":{"start":{"line":41,"column":32},"end":{"line":41,"column":52}},"line":41},"5":{"name":"useWallet","decl":{"start":{"line":44,"column":16},"end":{"line":44,"column":28}},"loc":{"start":{"line":44,"column":28},"end":{"line":46,"column":null}},"line":44},"6":{"name":"(anonymous_6)","decl":{"start":{"line":45,"column":28},"end":{"line":45,"column":34}},"loc":{"start":{"line":45,"column":34},"end":{"line":45,"column":56}},"line":45},"7":{"name":"useTransactions","decl":{"start":{"line":48,"column":16},"end":{"line":48,"column":34}},"loc":{"start":{"line":48,"column":34},"end":{"line":50,"column":null}},"line":48},"8":{"name":"(anonymous_8)","decl":{"start":{"line":49,"column":35},"end":{"line":49,"column":41}},"loc":{"start":{"line":49,"column":41},"end":{"line":49,"column":69}},"line":49}},"branchMap":{"0":{"loc":{"start":{"line":6,"column":50},"end":{"line":6,"column":76}},"type":"default-arg","locations":[{"start":{"line":6,"column":72},"end":{"line":6,"column":76}}],"line":6},"1":{"loc":{"start":{"line":22,"column":15},"end":{"line":22,"column":null}},"type":"cond-expr","locations":[{"start":{"line":22,"column":40},"end":{"line":22,"column":56}},{"start":{"line":22,"column":56},"end":{"line":22,"column":null}}],"line":22}},"s":{"0":58,"1":58,"2":58,"3":22,"4":22,"5":22,"6":12,"7":12,"8":7,"9":58,"10":19,"11":58,"12":33,"13":13,"14":11,"15":4,"16":14,"17":5},"f":{"0":58,"1":22,"2":19,"3":33,"4":13,"5":11,"6":4,"7":14,"8":5},"b":{"0":[58],"1":[6,1]},"meta":{"lastBranch":2,"lastFunction":9,"lastStatement":18,"seen":{"f:6:9:6:23":0,"b:6:72:6:76":0,"s:7:22:7:Infinity":0,"s:8:28:11:Infinity":1,"s:13:20:25:Infinity":2,"f:13:20:13:32":1,"s:14:4:24:Infinity":3,"s:15:6:15:Infinity":4,"s:16:21:16:Infinity":5,"s:17:6:17:Infinity":6,"s:18:6:18:Infinity":7,"s:20:6:23:Infinity":8,"b:22:40:22:56:22:56:22:Infinity":1,"s:27:2:29:Infinity":9,"f:27:12:27:18":2,"s:28:4:28:Infinity":10,"s:31:2:36:Infinity":11,"f:40:16:40:26":3,"s:41:2:41:Infinity":12,"f:41:26:41:32":4,"s:41:32:41:52":13,"f:44:16:44:28":5,"s:45:2:45:Infinity":14,"f:45:28:45:34":6,"s:45:34:45:56":15,"f:48:16:48:34":7,"s:49:2:49:Infinity":16,"f:49:35:49:41":8,"s:49:41:49:69":17}}}
,"/Users/modurotoluolokode/code/src/github.com/durotolu/dashboard-mainstack/src/services/api.ts": {"path":"/Users/modurotoluolokode/code/src/github.com/durotolu/dashboard-mainstack/src/services/api.ts","statementMap":{"0":{"start":{"line":4,"column":17},"end":{"line":4,"column":null}},"1":{"start":{"line":8,"column":4},"end":{"line":31,"column":null}},"2":{"start":{"line":9,"column":23},"end":{"line":13,"column":null}},"3":{"start":{"line":15,"column":6},"end":{"line":17,"column":null}},"4":{"start":{"line":16,"column":8},"end":{"line":16,"column":null}},"5":{"start":{"line":19,"column":19},"end":{"line":19,"column":null}},"6":{"start":{"line":20,"column":6},"end":{"line":20,"column":null}},"7":{"start":{"line":22,"column":6},"end":{"line":24,"column":null}},"8":{"start":{"line":23,"column":8},"end":{"line":23,"column":null}},"9":{"start":{"line":27,"column":6},"end":{"line":30,"column":null}},"10":{"start":{"line":35,"column":4},"end":{"line":35,"column":null}},"11":{"start":{"line":39,"column":4},"end":{"line":39,"column":null}},"12":{"start":{"line":43,"column":4},"end":{"line":43,"column":null}},"13":{"start":{"line":48,"column":26},"end":{"line":48,"column":null}}},"fnMap":{"0":{"name":"(anonymous_0)","decl":{"start":{"line":7,"column":16},"end":{"line":7,"column":42}},"loc":{"start":{"line":7,"column":72},"end":{"line":32,"column":null}},"line":7},"1":{"name":"(anonymous_1)","decl":{"start":{"line":34,"column":8},"end":{"line":34,"column":33}},"loc":{"start":{"line":34,"column":33},"end":{"line":36,"column":null}},"line":34},"2":{"name":"(anonymous_2)","decl":{"start":{"line":38,"column":8},"end":{"line":38,"column":37}},"loc":{"start":{"line":38,"column":37},"end":{"line":40,"column":null}},"line":38},"3":{"name":"(anonymous_3)","decl":{"start":{"line":42,"column":8},"end":{"line":42,"column":50}},"loc":{"start":{"line":42,"column":50},"end":{"line":44,"column":null}},"line":42}},"branchMap":{"0":{"loc":{"start":{"line":15,"column":6},"end":{"line":17,"column":null}},"type":"if","locations":[{"start":{"line":15,"column":6},"end":{"line":17,"column":null}},{"start":{},"end":{}}],"line":15},"1":{"loc":{"start":{"line":22,"column":6},"end":{"line":24,"column":null}},"type":"if","locations":[{"start":{"line":22,"column":6},"end":{"line":24,"column":null}},{"start":{},"end":{}}],"line":22},"2":{"loc":{"start":{"line":28,"column":8},"end":{"line":28,"column":null}},"type":"cond-expr","locations":[{"start":{"line":28,"column":33},"end":{"line":28,"column":49}},{"start":{"line":28,"column":49},"end":{"line":28,"column":null}}],"line":28}},"s":{"0":1,"1":34,"2":34,"3":24,"4":17,"5":7,"6":5,"7":29,"8":19,"9":10,"10":27,"11":3,"12":4,"13":1},"f":{"0":34,"1":27,"2":3,"3":4},"b":{"0":[17,7],"1":[19,10],"2":[7,3]},"meta":{"lastBranch":3,"lastFunction":4,"lastStatement":14,"seen":{"s:4:17:4:Infinity":0,"f:7:16:7:42":0,"s:8:4:31:Infinity":1,"s:9:23:13:Infinity":2,"b:15:6:17:Infinity:undefined:undefined:undefined:undefined":0,"s:15:6:17:Infinity":3,"s:16:8:16:Infinity":4,"s:19:19:19:Infinity":5,"s:20:6:20:Infinity":6,"b:22:6:24:Infinity:undefined:undefined:undefined:undefined":1,"s:22:6:24:Infinity":7,"s:23:8:23:Infinity":8,"s:27:6:30:Infinity":9,"b:28:33:28:49:28:49:28:Infinity":2,"f:34:8:34:33":1,"s:35:4:35:Infinity":10,"f:38:8:38:37":2,"s:39:4:39:Infinity":11,"f:42:8:42:50":3,"s:43:4:43:Infinity":12,"s:48:26:48:Infinity":13}}}
,"/Users/modurotoluolokode/code/src/github.com/durotolu/dashboard-mainstack/src/types/api.ts": {"path":"/Users/modurotoluolokode/code/src/github.com/durotolu/dashboard-mainstack/src/types/api.ts","statementMap":{"0":{"start":{"line":49,"column":4},"end":{"line":49,"column":null}},"1":{"start":{"line":50,"column":4},"end":{"line":50,"column":null}},"2":{"start":{"line":51,"column":4},"end":{"line":51,"column":null}}},"fnMap":{"0":{"name":"(anonymous_0)","decl":{"start":{"line":48,"column":2},"end":{"line":48,"column":14}},"loc":{"start":{"line":48,"column":47},"end":{"line":52,"column":null}},"line":48}},"branchMap":{},"s":{"0":29,"1":29,"2":29},"f":{"0":29},"b":{},"meta":{"lastBranch":0,"lastFunction":1,"lastStatement":3,"seen":{"f:48:2:48:14":0,"s:49:4:49:Infinity":0,"s:50:4:50:Infinity":1,"s:51:4:51:Infinity":2}}}
}
